[[2022-05-11 11:32:18]]  INFO  [service.py]  #44 <798810:140562867373888>  * Loading the model from {cfg.CHECKPOINTS}.
[[2022-05-11 11:32:19]]  INFO  [service.py]  #51 <798810:140562867373888>  	Success.
[[2022-05-11 11:32:22]]  INFO  [service.py]  #44 <799121:140692983465792>  * Loading the model from {cfg.CHECKPOINTS}.
[[2022-05-11 11:32:22]]  INFO  [service.py]  #51 <799121:140692983465792>  	Success.
[[2022-05-11 11:32:31]]  INFO  [service.py]  #44 <799551:140608203618112>  * Loading the model from {cfg.CHECKPOINTS}.
[[2022-05-11 11:32:32]]  INFO  [service.py]  #51 <799551:140608203618112>  	Success.
[[2022-05-11 11:33:11]]  INFO  [service.py]  #44 <800954:139703738165056>  * Loading the model from {cfg.CHECKPOINTS}.
[[2022-05-11 11:33:11]]  INFO  [service.py]  #51 <800954:139703738165056>  	Success.
[[2022-05-11 11:33:14]]  INFO  [service.py]  #78 <800954:139695749064448>  @ -> Start Translating ... 
[[2022-05-11 11:34:25]]  INFO  [service.py]  #44 <803353:139675553331008>  * Loading the model from {cfg.CHECKPOINTS}.
[[2022-05-11 11:34:25]]  INFO  [service.py]  #51 <803353:139675553331008>  	Success.
[[2022-05-11 11:34:30]]  INFO  [service.py]  #78 <803353:139667773060864>  @ -> Start Translating ... 
[[2022-05-11 11:35:35]]  INFO  [service.py]  #44 <805659:140063792551744>  * Loading the model from {cfg.CHECKPOINTS}.
[[2022-05-11 11:35:35]]  INFO  [service.py]  #51 <805659:140063792551744>  	Success.
[[2022-05-11 11:35:54]]  INFO  [service.py]  #44 <806398:140267208562496>  * Loading the model from {cfg.CHECKPOINTS}.
[[2022-05-11 11:35:54]]  INFO  [service.py]  #51 <806398:140267208562496>  	 Success.
[[2022-05-11 11:36:06]]  INFO  [service.py]  #78 <806398:140259429951232>  @ -> Start Translating ... 
[[2022-05-11 11:37:06]]  INFO  [service.py]  #44 <808701:140309914273600>  * Loading the model from {cfg.CHECKPOINTS}.
[[2022-05-11 11:37:06]]  INFO  [service.py]  #51 <808701:140309914273600>  	 Success.
[[2022-05-11 11:37:09]]  INFO  [service.py]  #78 <808701:140302127974144>  @ -> Start Translating ... 
[[2022-05-11 11:37:49]]  INFO  [service.py]  #44 <810193:140342314194752>  * Loading the model from {cfg.CHECKPOINTS}.
[[2022-05-11 11:37:49]]  INFO  [service.py]  #51 <810193:140342314194752>  	 Success.
[[2022-05-11 11:37:55]]  INFO  [service.py]  #78 <810193:140334122116864>  @ -> Start Translating ... 
[[2022-05-11 11:38:57]]  INFO  [service.py]  #44 <812419:140289637934912>  * Loading the model from {cfg.CHECKPOINTS}.
[[2022-05-11 11:38:57]]  INFO  [service.py]  #51 <812419:140289637934912>  	 Success.
[[2022-05-11 11:38:59]]  INFO  [service.py]  #78 <812419:140281852704512>  @ -> Start Translating ... 
[[2022-05-11 11:38:59]]  INFO  [service.py]  #93 <812419:140281852704512>  	 -> Input shape: {input_tensor.shape}, Starting translating ...
[[2022-05-11 11:39:44]]  INFO  [service.py]  #44 <814063:139826241271616>  * Loading the model from {cfg.CHECKPOINTS}.
[[2022-05-11 11:39:44]]  INFO  [service.py]  #51 <814063:139826241271616>  	 Success.
[[2022-05-11 11:39:47]]  INFO  [service.py]  #78 <814063:139818457605888>  @ -> Start Translating ... 
[[2022-05-11 11:39:47]]  INFO  [service.py]  #93 <814063:139818457605888>  	 -> Input shape: {input_tensor.shape}, Starting translating ...
[[2022-05-11 11:39:48]]  INFO  [service.py]  #99 <814063:139818457605888>  	# Time using: 1.0s
[[2022-05-11 11:40:33]]  INFO  [service.py]  #44 <815798:140064123008832>  * Loading the model from {cfg.CHECKPOINTS}.
[[2022-05-11 11:40:33]]  INFO  [service.py]  #51 <815798:140064123008832>  	 Success.
[[2022-05-11 11:40:35]]  INFO  [service.py]  #78 <815798:140055997839104>  @ -> Start Translating ... 
[[2022-05-11 11:40:35]]  INFO  [service.py]  #93 <815798:140055997839104>  	 -> Input shape: {input_tensor.shape}, Starting translating ...
[[2022-05-11 11:40:35]]  INFO  [service.py]  #95 <815798:140055997839104>  	 -> Output shape: {mr_img_tensor.shape}, Starting translating ...
[[2022-05-11 11:40:35]]  INFO  [service.py]  #99 <815798:140055997839104>  	# Time using: 0.2s
[[2022-05-11 11:41:41]]  INFO  [service.py]  #44 <818172:140114453673792>  * Loading the model from /home/zhaosheng/paper2/online_code/cbamunet-pix2pix/checkpoints/saru_0324_3/k0_best_net_G.pth.
[[2022-05-11 11:41:42]]  INFO  [service.py]  #51 <818172:140114453673792>  	√ Success.
[[2022-05-11 11:41:51]]  INFO  [service.py]  #44 <818614:140048500606784>  * Loading the model from /home/zhaosheng/paper2/online_code/cbamunet-pix2pix/checkpoints/saru_0324_3/k0_best_net_G.pth.
[[2022-05-11 11:41:51]]  INFO  [service.py]  #51 <818614:140048500606784>  	√ Success.
[[2022-05-11 11:41:53]]  INFO  [service.py]  #78 <818614:140040319510272>  @ -> Start Translating ... 
[[2022-05-11 11:41:53]]  INFO  [service.py]  #93 <818614:140040319510272>  	 -> Input shape: torch.Size([1, 1, 256, 256]), Starting translating ...
[[2022-05-11 11:41:53]]  INFO  [service.py]  #95 <818614:140040319510272>  	 -> Output shape: torch.Size([256, 256]), Starting translating ...
[[2022-05-11 11:41:53]]  INFO  [service.py]  #99 <818614:140040319510272>  	# Time using: 0.2s
[[2022-05-11 11:45:03]]  INFO  [service.py]  #45 <824552:139733274036032>  * Loading the model from /home/zhaosheng/paper2/online_code/cbamunet-pix2pix/checkpoints/saru_0324_3/k0_best_net_G.pth.
[[2022-05-11 11:45:03]]  INFO  [service.py]  #52 <824552:139733274036032>  	√ Success.
[[2022-05-11 11:45:09]]  INFO  [service.py]  #79 <824552:139725419575040>  @ -> Start Translating ... 
[[2022-05-11 11:45:09]]  INFO  [service.py]  #94 <824552:139725419575040>  	 -> Input shape: torch.Size([1, 1, 256, 256]), Starting translating ...
[[2022-05-11 11:45:09]]  INFO  [service.py]  #96 <824552:139725419575040>  	 -> Output shape: torch.Size([256, 256]), Starting translating ...
[[2022-05-11 11:45:09]]  INFO  [service.py]  #106 <824552:139725419575040>  	# Time using: 0.4s
[[2022-05-11 11:49:59]]  INFO  [service.py]  #46 <833515:140265149056832>  * Loading the model from /home/zhaosheng/paper2/online_code/cbamunet-pix2pix/checkpoints/saru_0324_3/k0_best_net_G.pth.
[[2022-05-11 11:49:59]]  INFO  [service.py]  #53 <833515:140265149056832>  	√ Success.
[[2022-05-11 11:50:02]]  INFO  [service.py]  #80 <833515:140257366361856>  @ -> Start Translating ... 
[[2022-05-11 11:50:02]]  INFO  [service.py]  #95 <833515:140257366361856>  	 -> Input shape: torch.Size([1, 1, 256, 256]), Starting translating ...
[[2022-05-11 11:50:02]]  INFO  [service.py]  #97 <833515:140257366361856>  	 -> Output shape: torch.Size([256, 256]), Starting translating ...
[[2022-05-11 11:50:02]]  INFO  [service.py]  #105 <833515:140257366361856>  	# Time using: 0.3s
[[2022-05-11 11:50:31]]  INFO  [service.py]  #46 <834791:139701229655872>  * Loading the model from /home/zhaosheng/paper2/online_code/cbamunet-pix2pix/checkpoints/saru_0324_3/k0_best_net_G.pth.
[[2022-05-11 11:50:31]]  INFO  [service.py]  #53 <834791:139701229655872>  	√ Success.
[[2022-05-11 11:50:33]]  INFO  [service.py]  #80 <834791:139693047924480>  @ -> Start Translating ... 
[[2022-05-11 11:50:33]]  INFO  [service.py]  #95 <834791:139693047924480>  	 -> Input shape: torch.Size([1, 1, 256, 256]), Starting translating ...
[[2022-05-11 11:50:34]]  INFO  [service.py]  #97 <834791:139693047924480>  	 -> Output shape: torch.Size([256, 256]), Starting translating ...
[[2022-05-11 11:50:34]]  INFO  [service.py]  #105 <834791:139693047924480>  	# Time using: 0.3s
[[2022-05-11 11:52:00]]  INFO  [service.py]  #46 <837749:139671074907968>  * Loading the model from /home/zhaosheng/paper2/online_code/cbamunet-pix2pix/checkpoints/saru_0318_3/k0_200_net_G.pth.
[[2022-05-11 11:52:01]]  INFO  [service.py]  #53 <837749:139671074907968>  	√ Success.
[[2022-05-11 11:52:04]]  INFO  [service.py]  #80 <837749:139663025084160>  @ -> Start Translating ... 
[[2022-05-11 11:52:04]]  INFO  [service.py]  #95 <837749:139663025084160>  	 -> Input shape: torch.Size([1, 1, 256, 256]), Starting translating ...
[[2022-05-11 11:52:04]]  INFO  [service.py]  #97 <837749:139663025084160>  	 -> Output shape: torch.Size([256, 256]), Starting translating ...
[[2022-05-11 11:52:04]]  INFO  [service.py]  #105 <837749:139663025084160>  	# Time using: 0.4s
[[2022-05-11 11:54:14]]  INFO  [service.py]  #46 <842039:139852887656256>  * Loading the model from /home/zhaosheng/paper2/online_code/cbamunet-pix2pix/checkpoints/saru_0318_3/k0_300_net_G.pth.
[[2022-05-11 11:54:14]]  INFO  [service.py]  #53 <842039:139852887656256>  	√ Success.
[[2022-05-11 11:54:17]]  INFO  [service.py]  #80 <842039:139844705564416>  @ -> Start Translating ... 
[[2022-05-11 11:54:17]]  INFO  [service.py]  #95 <842039:139844705564416>  	 -> Input shape: torch.Size([1, 1, 256, 256]), Starting translating ...
[[2022-05-11 11:54:17]]  INFO  [service.py]  #97 <842039:139844705564416>  	 -> Output shape: torch.Size([256, 256]), Starting translating ...
[[2022-05-11 11:54:17]]  INFO  [service.py]  #105 <842039:139844705564416>  	# Time using: 0.7s
[[2022-05-11 11:56:56]]  INFO  [service.py]  #46 <847182:139862307440448>  * Loading the model from /home/zhaosheng/paper2/online_code/cbamunet-pix2pix/checkpoints/saru_0318_3/k0_300_net_G.pth.
[[2022-05-11 11:56:56]]  INFO  [service.py]  #53 <847182:139862307440448>  	√ Success.
[[2022-05-11 11:57:02]]  INFO  [service.py]  #80 <847182:139854394418944>  @ -> Start Translating ... 
[[2022-05-11 11:57:02]]  INFO  [service.py]  #95 <847182:139854394418944>  	 -> Input shape: torch.Size([1, 1, 256, 256]), Starting translating ...
[[2022-05-11 11:57:03]]  INFO  [service.py]  #97 <847182:139854394418944>  	 -> Output shape: torch.Size([256, 256]), Starting translating ...
[[2022-05-11 11:57:03]]  INFO  [service.py]  #105 <847182:139854394418944>  	# Time using: 0.4s
[[2022-05-11 11:57:40]]  INFO  [service.py]  #46 <848835:140640107263808>  * Loading the model from /home/zhaosheng/paper2/online_code/cbamunet-pix2pix/checkpoints/saru_0318_3/k0_300_net_G.pth.
[[2022-05-11 11:57:40]]  INFO  [service.py]  #53 <848835:140640107263808>  	√ Success.
[[2022-05-11 11:57:42]]  INFO  [service.py]  #80 <848835:140632244868864>  @ -> Start Translating ... 
[[2022-05-11 11:57:42]]  INFO  [service.py]  #95 <848835:140632244868864>  	 -> Input shape: torch.Size([1, 1, 256, 256]), Starting translating ...
[[2022-05-11 11:57:42]]  INFO  [service.py]  #97 <848835:140632244868864>  	 -> Output shape: torch.Size([256, 256]), Starting translating ...
[[2022-05-11 11:57:42]]  INFO  [service.py]  #105 <848835:140632244868864>  	# Time using: 0.3s
[[2022-05-11 11:58:16]]  INFO  [service.py]  #46 <850243:140581834782528>  * Loading the model from /home/zhaosheng/paper2/online_code/cbamunet-pix2pix/checkpoints/saru_0318_3/k0_300_net_G.pth.
[[2022-05-11 11:58:16]]  INFO  [service.py]  #53 <850243:140581834782528>  	√ Success.
[[2022-05-11 11:58:18]]  INFO  [service.py]  #80 <850243:140574053091072>  @ -> Start Translating ... 
[[2022-05-11 11:58:18]]  INFO  [service.py]  #95 <850243:140574053091072>  	 -> Input shape: torch.Size([1, 1, 256, 256]), Starting translating ...
[[2022-05-11 11:58:18]]  INFO  [service.py]  #97 <850243:140574053091072>  	 -> Output shape: torch.Size([256, 256]), Starting translating ...
[[2022-05-11 11:58:18]]  INFO  [service.py]  #105 <850243:140574053091072>  	# Time using: 0.3s
[[2022-05-11 12:00:21]]  INFO  [service.py]  #46 <854269:140469834106688>  * Loading the model from /home/zhaosheng/paper2/online_code/cbamunet-pix2pix/checkpoints/saru_0318_3/k0_300_net_G.pth.
[[2022-05-11 12:00:21]]  INFO  [service.py]  #53 <854269:140469834106688>  	√ Success.
[[2022-05-11 12:00:54]]  INFO  [service.py]  #46 <855439:140460047320896>  * Loading the model from /home/zhaosheng/paper2/online_code/cbamunet-pix2pix/checkpoints/saru_0318_3/k0_300_net_G.pth.
[[2022-05-11 12:00:54]]  INFO  [service.py]  #53 <855439:140460047320896>  	√ Success.
[[2022-05-11 12:01:37]]  INFO  [service.py]  #46 <856890:140344740996928>  * Loading the model from /home/zhaosheng/paper2/online_code/cbamunet-pix2pix/checkpoints/saru_0318_3/k0_300_net_G.pth.
[[2022-05-11 12:01:38]]  INFO  [service.py]  #53 <856890:140344740996928>  	√ Success.
[[2022-05-11 12:02:03]]  INFO  [service.py]  #46 <857820:140551536449344>  * Loading the model from /home/zhaosheng/paper2/online_code/cbamunet-pix2pix/checkpoints/saru_0318_3/k0_300_net_G.pth.
[[2022-05-11 12:02:03]]  INFO  [service.py]  #53 <857820:140551536449344>  	√ Success.
[[2022-05-11 12:02:34]]  INFO  [service.py]  #46 <858909:140409469912896>  * Loading the model from /home/zhaosheng/paper2/online_code/cbamunet-pix2pix/checkpoints/saru_0318_3/k0_300_net_G.pth.
[[2022-05-11 12:02:34]]  INFO  [service.py]  #53 <858909:140409469912896>  	√ Success.
[[2022-05-11 12:02:39]]  INFO  [service.py]  #80 <858909:140401289697024>  @ -> Start Translating ... 
[[2022-05-11 12:02:39]]  INFO  [service.py]  #95 <858909:140401289697024>  	 -> Input shape: torch.Size([1, 1, 256, 256]), Starting translating ...
[[2022-05-11 12:02:39]]  INFO  [service.py]  #97 <858909:140401289697024>  	 -> Output shape: torch.Size([256, 256]), Starting translating ...
[[2022-05-11 12:03:15]]  INFO  [service.py]  #46 <860462:140385723193152>  * Loading the model from /home/zhaosheng/paper2/online_code/cbamunet-pix2pix/checkpoints/saru_0318_3/k0_300_net_G.pth.
[[2022-05-11 12:03:15]]  INFO  [service.py]  #53 <860462:140385723193152>  	√ Success.
[[2022-05-11 12:03:17]]  INFO  [service.py]  #80 <860462:140377944205056>  @ -> Start Translating ... 
[[2022-05-11 12:03:17]]  INFO  [service.py]  #95 <860462:140377944205056>  	 -> Input shape: torch.Size([1, 1, 256, 256]), Starting translating ...
[[2022-05-11 12:03:18]]  INFO  [service.py]  #97 <860462:140377944205056>  	 -> Output shape: torch.Size([1, 1, 256, 256]), Starting translating ...
[[2022-05-11 12:03:18]]  INFO  [service.py]  #106 <860462:140377944205056>  	# Time using: 0.3s
[[2022-05-11 12:04:35]]  INFO  [service.py]  #46 <863138:140141595432768>  * Loading the model from /home/zhaosheng/paper2/online_code/cbamunet-pix2pix/checkpoints/saru_0318_3/k0_300_net_G.pth.
[[2022-05-11 12:04:35]]  INFO  [service.py]  #53 <863138:140141595432768>  	√ Success.
[[2022-05-11 12:04:37]]  INFO  [service.py]  #80 <863138:140135897159424>  @ -> Start Translating ... 
[[2022-05-11 12:04:37]]  INFO  [service.py]  #95 <863138:140135897159424>  	 -> Input shape: torch.Size([1, 1, 256, 256]), Starting translating ...
[[2022-05-11 12:04:37]]  INFO  [service.py]  #97 <863138:140135897159424>  	 -> Output shape: torch.Size([1, 1, 256, 256]), Starting translating ...
[[2022-05-11 12:04:37]]  INFO  [service.py]  #106 <863138:140135897159424>  	# Time using: 0.3s
[[2022-05-11 12:13:50]]  INFO  [service.py]  #46 <880200:139897650165568>  * Loading the model from /home/zhaosheng/paper2/online_code/cbamunet-pix2pix/checkpoints/saru_0318_3/k0_300_net_G.pth.
[[2022-05-11 12:13:50]]  INFO  [service.py]  #53 <880200:139897650165568>  	√ Success.
[[2022-05-11 12:13:54]]  INFO  [service.py]  #46 <880456:140641598166848>  * Loading the model from /home/zhaosheng/paper2/online_code/cbamunet-pix2pix/checkpoints/saru_0318_3/k0_300_net_G.pth.
[[2022-05-11 12:13:54]]  INFO  [service.py]  #53 <880456:140641598166848>  	√ Success.
[[2022-05-11 12:15:49]]  INFO  [service.py]  #46 <884117:139697150682944>  * Loading the model from /home/zhaosheng/paper2/online_code/cbamunet-pix2pix/checkpoints/saru_0318_3/k0_300_net_G.pth.
[[2022-05-11 12:15:49]]  INFO  [service.py]  #53 <884117:139697150682944>  	√ Success.
[[2022-05-11 12:15:53]]  INFO  [service.py]  #46 <884363:139818982274880>  * Loading the model from /home/zhaosheng/paper2/online_code/cbamunet-pix2pix/checkpoints/saru_0318_3/k0_300_net_G.pth.
[[2022-05-11 12:15:53]]  INFO  [service.py]  #53 <884363:139818982274880>  	√ Success.
[[2022-05-11 15:22:27]]  INFO  [service.py]  #46 <1239691:140103563056960>  * Loading the model from /home/zhaosheng/paper2/online_code/cbamunet-pix2pix/checkpoints/saru_0318_3/k0_300_net_G.pth.
[[2022-05-11 15:22:27]]  INFO  [service.py]  #53 <1239691:140103563056960>  	√ Success.
[[2022-05-11 15:30:08]]  INFO  [service.py]  #80 <1239691:140095776610048>  @ -> Start Translating ... 
[[2022-05-11 15:30:08]]  INFO  [service.py]  #95 <1239691:140095776610048>  	 -> Input shape: torch.Size([1, 1, 256, 256]), Starting translating ...
[[2022-05-11 15:30:08]]  INFO  [service.py]  #97 <1239691:140095776610048>  	 -> Output shape: torch.Size([1, 1, 256, 256]), Starting translating ...
[[2022-05-11 15:30:08]]  INFO  [service.py]  #106 <1239691:140095776610048>  	# Time using: 0.3s
[[2022-05-11 16:12:05]]  INFO  [service.py]  #80 <1239691:140095785002752>  @ -> Start Translating ... 
[[2022-05-11 16:12:09]]  INFO  [service.py]  #80 <1239691:140095785002752>  @ -> Start Translating ... 
[[2022-05-11 16:12:14]]  INFO  [service.py]  #80 <1239691:140095785002752>  @ -> Start Translating ... 
[[2022-05-11 16:13:00]]  INFO  [service.py]  #80 <1239691:140095785002752>  @ -> Start Translating ... 
[[2022-05-11 16:13:00]]  INFO  [service.py]  #80 <1239691:140095785002752>  @ -> Start Translating ... 
[[2022-05-11 16:13:01]]  INFO  [service.py]  #80 <1239691:140095785002752>  @ -> Start Translating ... 
[[2022-05-11 16:13:01]]  INFO  [service.py]  #80 <1239691:140095785002752>  @ -> Start Translating ... 
[[2022-05-11 16:13:02]]  INFO  [service.py]  #80 <1239691:140095785002752>  @ -> Start Translating ... 
[[2022-05-11 16:13:26]]  INFO  [service.py]  #80 <1239691:140095785002752>  @ -> Start Translating ... 
[[2022-05-11 16:13:30]]  INFO  [service.py]  #80 <1239691:140095785002752>  @ -> Start Translating ... 
[[2022-05-11 16:14:08]]  INFO  [service.py]  #80 <1239691:140095785002752>  @ -> Start Translating ... 
[[2022-05-11 16:14:08]]  INFO  [service.py]  #95 <1239691:140095785002752>  	 -> Input shape: torch.Size([1, 1, 256, 256]), Starting translating ...
[[2022-05-11 16:14:08]]  INFO  [service.py]  #97 <1239691:140095785002752>  	 -> Output shape: torch.Size([1, 1, 256, 256]), Starting translating ...
[[2022-05-11 16:14:08]]  INFO  [service.py]  #106 <1239691:140095785002752>  	# Time using: 0.2s
[[2022-05-11 16:14:37]]  INFO  [service.py]  #80 <1239691:140095785002752>  @ -> Start Translating ... 
[[2022-05-11 16:15:45]]  INFO  [service.py]  #46 <1334542:140542260803392>  * Loading the model from /home/zhaosheng/paper2/online_code/cbamunet-pix2pix/checkpoints/saru_0318_3/k0_300_net_G.pth.
[[2022-05-11 16:15:45]]  INFO  [service.py]  #53 <1334542:140542260803392>  	√ Success.
[[2022-05-11 16:15:53]]  INFO  [service.py]  #80 <1334542:140534400145152>  @ -> Start Translating ... 
[[2022-05-11 16:15:54]]  INFO  [service.py]  #80 <1334542:140534400145152>  @ -> Start Translating ... 
[[2022-05-11 16:16:21]]  INFO  [service.py]  #80 <1334542:140534400145152>  @ -> Start Translating ... 
[[2022-05-11 16:18:27]]  INFO  [service.py]  #46 <1340030:139888172222272>  * Loading the model from /home/zhaosheng/paper2/online_code/cbamunet-pix2pix/checkpoints/saru_0318_3/k0_300_net_G.pth.
[[2022-05-11 16:18:27]]  INFO  [service.py]  #53 <1340030:139888172222272>  	√ Success.
[[2022-05-11 16:20:31]]  INFO  [service.py]  #46 <1344003:139846470137664>  * Loading the model from /home/zhaosheng/paper2/online_code/cbamunet-pix2pix/checkpoints/saru_0318_3/k0_300_net_G.pth.
[[2022-05-11 16:20:31]]  INFO  [service.py]  #53 <1344003:139846470137664>  	√ Success.
[[2022-05-11 16:20:35]]  INFO  [service.py]  #46 <1344231:139865002112832>  * Loading the model from /home/zhaosheng/paper2/online_code/cbamunet-pix2pix/checkpoints/saru_0318_3/k0_300_net_G.pth.
[[2022-05-11 16:20:35]]  INFO  [service.py]  #53 <1344231:139865002112832>  	√ Success.
[[2022-05-11 16:24:56]]  INFO  [service.py]  #46 <1352086:139852483385152>  * Loading the model from /home/zhaosheng/paper2/online_code/cbamunet-pix2pix/checkpoints/saru_0318_3/k0_300_net_G.pth.
[[2022-05-11 16:24:56]]  INFO  [service.py]  #53 <1352086:139852483385152>  	√ Success.
[[2022-05-11 16:25:06]]  INFO  [service.py]  #80 <1352086:139844705564416>  @ -> Start Translating ... 
[[2022-05-11 16:25:07]]  INFO  [service.py]  #80 <1352086:139844705564416>  @ -> Start Translating ... 
[[2022-05-11 16:25:08]]  INFO  [service.py]  #80 <1352086:139844705564416>  @ -> Start Translating ... 
[[2022-05-11 16:26:03]]  INFO  [service.py]  #80 <1352086:139844705564416>  @ -> Start Translating ... 
[[2022-05-11 16:26:37]]  INFO  [service.py]  #80 <1352086:139844705564416>  @ -> Start Translating ... 
[[2022-05-11 16:28:08]]  INFO  [service.py]  #46 <1357981:139802698225472>  * Loading the model from /home/zhaosheng/paper2/online_code/cbamunet-pix2pix/checkpoints/saru_0318_3/k0_300_net_G.pth.
[[2022-05-11 16:28:08]]  INFO  [service.py]  #53 <1357981:139802698225472>  	√ Success.
[[2022-05-11 16:28:10]]  INFO  [service.py]  #80 <1357981:139794910787328>  @ -> Start Translating ... 
[[2022-05-11 16:28:45]]  INFO  [service.py]  #46 <1359268:140560235362112>  * Loading the model from /home/zhaosheng/paper2/online_code/cbamunet-pix2pix/checkpoints/saru_0318_3/k0_300_net_G.pth.
[[2022-05-11 16:28:45]]  INFO  [service.py]  #53 <1359268:140560235362112>  	√ Success.
[[2022-05-11 16:28:47]]  INFO  [service.py]  #80 <1359268:140552452429568>  @ -> Start Translating ... 
[[2022-05-11 16:28:52]]  INFO  [service.py]  #80 <1359268:140552452429568>  @ -> Start Translating ... 
[[2022-05-11 16:29:17]]  INFO  [service.py]  #46 <1360417:139630396233536>  * Loading the model from /home/zhaosheng/paper2/online_code/cbamunet-pix2pix/checkpoints/saru_0318_3/k0_300_net_G.pth.
[[2022-05-11 16:29:17]]  INFO  [service.py]  #53 <1360417:139630396233536>  	√ Success.
[[2022-05-11 16:29:19]]  INFO  [service.py]  #80 <1360417:139622541686528>  @ -> Start Translating ... 
[[2022-05-11 16:29:19]]  INFO  [service.py]  #95 <1360417:139622541686528>  	 -> Input shape: torch.Size([1, 1, 256, 256]), Starting translating ...
[[2022-05-11 16:29:19]]  INFO  [service.py]  #97 <1360417:139622541686528>  	 -> Output shape: torch.Size([1, 1, 256, 256]), Starting translating ...
[[2022-05-11 16:29:20]]  INFO  [service.py]  #106 <1360417:139622541686528>  	# Time using: 0.3s
[[2022-05-11 16:39:00]]  INFO  [service.py]  #80 <1360417:139622541686528>  @ -> Start Translating ... 
[[2022-05-11 16:40:15]]  INFO  [service.py]  #46 <1381990:140531904456512>  * Loading the model from /home/zhaosheng/paper2/online_code/cbamunet-pix2pix/checkpoints/saru_0318_3/k0_300_net_G.pth.
[[2022-05-11 16:40:15]]  INFO  [service.py]  #53 <1381990:140531904456512>  	√ Success.
[[2022-05-11 16:40:24]]  INFO  [service.py]  #46 <1382392:139899327518528>  * Loading the model from /home/zhaosheng/paper2/online_code/cbamunet-pix2pix/checkpoints/saru_0318_3/k0_300_net_G.pth.
[[2022-05-11 16:40:24]]  INFO  [service.py]  #53 <1382392:139899327518528>  	√ Success.
[[2022-05-11 16:40:26]]  INFO  [service.py]  #80 <1382392:139891547551488>  @ -> Start Translating ... 
[[2022-05-11 16:41:30]]  INFO  [service.py]  #46 <1384555:140408818767680>  * Loading the model from /home/zhaosheng/paper2/online_code/cbamunet-pix2pix/checkpoints/saru_0318_3/k0_300_net_G.pth.
[[2022-05-11 16:41:30]]  INFO  [service.py]  #53 <1384555:140408818767680>  	√ Success.
[[2022-05-11 16:41:37]]  INFO  [service.py]  #80 <1384555:140401038046976>  @ -> Start Translating ... 
[[2022-05-11 16:42:14]]  INFO  [service.py]  #46 <1386076:139757202855744>  * Loading the model from /home/zhaosheng/paper2/online_code/cbamunet-pix2pix/checkpoints/saru_0318_3/k0_300_net_G.pth.
[[2022-05-11 16:42:14]]  INFO  [service.py]  #53 <1386076:139757202855744>  	√ Success.
[[2022-05-11 16:46:27]]  INFO  [service.py]  #46 <1393843:140446652704576>  * Loading the model from /home/zhaosheng/paper2/online_code/cbamunet-pix2pix/checkpoints/saru_0318_3/k0_300_net_G.pth.
[[2022-05-11 16:46:27]]  INFO  [service.py]  #53 <1393843:140446652704576>  	√ Success.
[[2022-05-11 16:46:31]]  INFO  [service.py]  #46 <1394077:140369176340288>  * Loading the model from /home/zhaosheng/paper2/online_code/cbamunet-pix2pix/checkpoints/saru_0318_3/k0_300_net_G.pth.
[[2022-05-11 16:46:31]]  INFO  [service.py]  #53 <1394077:140369176340288>  	√ Success.
[[2022-05-11 16:46:41]]  INFO  [service.py]  #80 <1394077:140361401886464>  @ -> Start Translating ... 
[[2022-05-11 16:46:41]]  INFO  [service.py]  #99 <1394077:140361401886464>  	 -> Input shape: torch.Size([1, 1, 256, 256]), Starting translating ...
[[2022-05-11 16:46:41]]  INFO  [service.py]  #101 <1394077:140361401886464>  	 -> Output shape: torch.Size([1, 1, 256, 256]), Starting translating ...
[[2022-05-11 16:46:41]]  INFO  [service.py]  #110 <1394077:140361401886464>  	# Time using: 0.3s
[[2022-05-11 16:47:34]]  INFO  [service.py]  #80 <1394077:140361401886464>  @ -> Start Translating ... 
[[2022-05-11 16:47:34]]  INFO  [service.py]  #99 <1394077:140361401886464>  	 -> Input shape: torch.Size([1, 1, 256, 256]), Starting translating ...
[[2022-05-11 16:47:35]]  INFO  [service.py]  #101 <1394077:140361401886464>  	 -> Output shape: torch.Size([1, 1, 256, 256]), Starting translating ...
[[2022-05-11 16:47:35]]  INFO  [service.py]  #110 <1394077:140361401886464>  	# Time using: 0.1s
[[2022-05-11 16:47:38]]  INFO  [service.py]  #80 <1394077:140361401886464>  @ -> Start Translating ... 
[[2022-05-11 16:47:38]]  INFO  [service.py]  #99 <1394077:140361401886464>  	 -> Input shape: torch.Size([1, 1, 256, 256]), Starting translating ...
[[2022-05-11 16:47:38]]  INFO  [service.py]  #101 <1394077:140361401886464>  	 -> Output shape: torch.Size([1, 1, 256, 256]), Starting translating ...
[[2022-05-11 16:47:38]]  INFO  [service.py]  #110 <1394077:140361401886464>  	# Time using: 0.1s
[[2022-05-11 16:48:05]]  INFO  [service.py]  #80 <1394077:140361401886464>  @ -> Start Translating ... 
[[2022-05-11 16:48:05]]  INFO  [service.py]  #99 <1394077:140361401886464>  	 -> Input shape: torch.Size([1, 1, 256, 256]), Starting translating ...
[[2022-05-11 16:48:05]]  INFO  [service.py]  #101 <1394077:140361401886464>  	 -> Output shape: torch.Size([1, 1, 256, 256]), Starting translating ...
[[2022-05-11 16:48:05]]  INFO  [service.py]  #110 <1394077:140361401886464>  	# Time using: 0.2s
[[2022-05-11 17:13:35]]  INFO  [service.py]  #80 <1394077:140361393493760>  @ -> Start Translating ... 
[[2022-05-11 17:13:35]]  INFO  [service.py]  #99 <1394077:140361393493760>  	 -> Input shape: torch.Size([1, 1, 256, 256]), Starting translating ...
[[2022-05-11 17:13:35]]  INFO  [service.py]  #101 <1394077:140361393493760>  	 -> Output shape: torch.Size([1, 1, 256, 256]), Starting translating ...
[[2022-05-11 17:13:35]]  INFO  [service.py]  #110 <1394077:140361393493760>  	# Time using: 0.2s
[[2022-05-11 17:15:23]]  INFO  [service.py]  #46 <1446215:139872574924608>  * Loading the model from /home/zhaosheng/paper2/online_code/cbamunet-pix2pix/checkpoints/saru_0318_3/k0_300_net_G.pth.
[[2022-05-11 17:15:23]]  INFO  [service.py]  #53 <1446215:139872574924608>  	√ Success.
[[2022-05-11 17:16:00]]  INFO  [service.py]  #46 <1447486:140165977560896>  * Loading the model from /home/zhaosheng/paper2/online_code/cbamunet-pix2pix/checkpoints/saru_0318_3/k0_300_net_G.pth.
[[2022-05-11 17:16:00]]  INFO  [service.py]  #53 <1447486:140165977560896>  	√ Success.
[[2022-05-11 17:16:33]]  INFO  [service.py]  #46 <1448622:139678634403648>  * Loading the model from /home/zhaosheng/paper2/online_code/cbamunet-pix2pix/checkpoints/saru_0318_3/k0_300_net_G.pth.
[[2022-05-11 17:16:33]]  INFO  [service.py]  #53 <1448622:139678634403648>  	√ Success.
[[2022-05-11 17:16:35]]  INFO  [service.py]  #80 <1448622:139670641956608>  @ -> Start Translating ... 
[[2022-05-11 17:16:35]]  INFO  [service.py]  #99 <1448622:139670641956608>  	 -> Input shape: torch.Size([1, 1, 256, 256]), Starting translating ...
[[2022-05-11 17:16:35]]  INFO  [service.py]  #101 <1448622:139670641956608>  	 -> Output shape: torch.Size([1, 1, 256, 256]), Starting translating ...
[[2022-05-11 17:16:35]]  INFO  [service.py]  #111 <1448622:139670641956608>  	# Time using: 0.3s
[[2022-05-11 17:17:06]]  INFO  [service.py]  #46 <1449953:139879166785344>  * Loading the model from /home/zhaosheng/paper2/online_code/cbamunet-pix2pix/checkpoints/saru_0318_3/k0_300_net_G.pth.
[[2022-05-11 17:17:06]]  INFO  [service.py]  #53 <1449953:139879166785344>  	√ Success.
[[2022-05-11 17:17:08]]  INFO  [service.py]  #80 <1449953:139870903199488>  @ -> Start Translating ... 
[[2022-05-11 17:17:08]]  INFO  [service.py]  #99 <1449953:139870903199488>  	 -> Input shape: torch.Size([1, 1, 256, 256]), Starting translating ...
[[2022-05-11 17:17:08]]  INFO  [service.py]  #101 <1449953:139870903199488>  	 -> Output shape: torch.Size([1, 1, 256, 256]), Starting translating ...
[[2022-05-11 17:17:08]]  INFO  [service.py]  #111 <1449953:139870903199488>  	# Time using: 0.3s
[[2022-05-11 17:17:58]]  INFO  [service.py]  #46 <1451801:140630327633728>  * Loading the model from /home/zhaosheng/paper2/online_code/cbamunet-pix2pix/checkpoints/saru_0318_3/k0_300_net_G.pth.
[[2022-05-11 17:17:58]]  INFO  [service.py]  #53 <1451801:140630327633728>  	√ Success.
[[2022-05-11 17:18:00]]  INFO  [service.py]  #80 <1451801:140622547621632>  @ -> Start Translating ... 
[[2022-05-11 17:18:00]]  INFO  [service.py]  #99 <1451801:140622547621632>  	 -> Input shape: torch.Size([1, 1, 256, 256]), Starting translating ...
[[2022-05-11 17:18:00]]  INFO  [service.py]  #101 <1451801:140622547621632>  	 -> Output shape: torch.Size([1, 1, 256, 256]), Starting translating ...
[[2022-05-11 17:18:00]]  INFO  [service.py]  #111 <1451801:140622547621632>  	# Time using: 0.3s
[[2022-05-11 17:19:33]]  INFO  [service.py]  #80 <1451801:140622547621632>  @ -> Start Translating ... 
[[2022-05-11 17:19:33]]  INFO  [service.py]  #99 <1451801:140622547621632>  	 -> Input shape: torch.Size([1, 1, 256, 256]), Starting translating ...
[[2022-05-11 17:19:34]]  INFO  [service.py]  #101 <1451801:140622547621632>  	 -> Output shape: torch.Size([1, 1, 256, 256]), Starting translating ...
[[2022-05-11 17:19:34]]  INFO  [service.py]  #111 <1451801:140622547621632>  	# Time using: 0.2s
[[2022-05-11 17:20:06]]  INFO  [service.py]  #80 <1451801:140622547621632>  @ -> Start Translating ... 
[[2022-05-11 17:20:06]]  INFO  [service.py]  #99 <1451801:140622547621632>  	 -> Input shape: torch.Size([1, 1, 256, 256]), Starting translating ...
[[2022-05-11 17:20:06]]  INFO  [service.py]  #101 <1451801:140622547621632>  	 -> Output shape: torch.Size([1, 1, 256, 256]), Starting translating ...
[[2022-05-11 17:20:06]]  INFO  [service.py]  #111 <1451801:140622547621632>  	# Time using: 0.1s
[[2022-05-11 17:20:17]]  INFO  [service.py]  #80 <1451801:140622547621632>  @ -> Start Translating ... 
[[2022-05-11 17:20:17]]  INFO  [service.py]  #99 <1451801:140622547621632>  	 -> Input shape: torch.Size([1, 1, 256, 256]), Starting translating ...
[[2022-05-11 17:20:17]]  INFO  [service.py]  #101 <1451801:140622547621632>  	 -> Output shape: torch.Size([1, 1, 256, 256]), Starting translating ...
[[2022-05-11 17:20:17]]  INFO  [service.py]  #111 <1451801:140622547621632>  	# Time using: 0.1s
[[2022-05-11 17:20:18]]  INFO  [service.py]  #80 <1451801:140622547621632>  @ -> Start Translating ... 
[[2022-05-11 17:20:18]]  INFO  [service.py]  #99 <1451801:140622547621632>  	 -> Input shape: torch.Size([1, 1, 256, 256]), Starting translating ...
[[2022-05-11 17:20:18]]  INFO  [service.py]  #101 <1451801:140622547621632>  	 -> Output shape: torch.Size([1, 1, 256, 256]), Starting translating ...
[[2022-05-11 17:20:18]]  INFO  [service.py]  #111 <1451801:140622547621632>  	# Time using: 0.1s
[[2022-05-11 17:20:34]]  INFO  [service.py]  #80 <1451801:140622547621632>  @ -> Start Translating ... 
[[2022-05-11 17:20:34]]  INFO  [service.py]  #99 <1451801:140622547621632>  	 -> Input shape: torch.Size([1, 1, 256, 256]), Starting translating ...
[[2022-05-11 17:20:35]]  INFO  [service.py]  #101 <1451801:140622547621632>  	 -> Output shape: torch.Size([1, 1, 256, 256]), Starting translating ...
[[2022-05-11 17:20:35]]  INFO  [service.py]  #111 <1451801:140622547621632>  	# Time using: 0.1s
[[2022-05-11 17:25:29]]  INFO  [service.py]  #80 <1451801:140622547621632>  @ -> Start Translating ... 
[[2022-05-11 17:25:29]]  INFO  [service.py]  #99 <1451801:140622547621632>  	 -> Input shape: torch.Size([1, 1, 256, 256]), Starting translating ...
[[2022-05-11 17:25:29]]  INFO  [service.py]  #101 <1451801:140622547621632>  	 -> Output shape: torch.Size([1, 1, 256, 256]), Starting translating ...
[[2022-05-11 17:25:29]]  INFO  [service.py]  #111 <1451801:140622547621632>  	# Time using: 0.5s
[[2022-05-11 17:31:22]]  INFO  [service.py]  #80 <1451801:140622547621632>  @ -> Start Translating ... 
[[2022-05-11 17:31:22]]  INFO  [service.py]  #99 <1451801:140622547621632>  	 -> Input shape: torch.Size([1, 1, 256, 256]), Starting translating ...
[[2022-05-11 17:31:23]]  INFO  [service.py]  #101 <1451801:140622547621632>  	 -> Output shape: torch.Size([1, 1, 256, 256]), Starting translating ...
[[2022-05-11 17:31:23]]  INFO  [service.py]  #111 <1451801:140622547621632>  	# Time using: 0.2s
[[2022-05-11 17:32:32]]  INFO  [service.py]  #80 <1451801:140622547621632>  @ -> Start Translating ... 
[[2022-05-11 17:32:32]]  INFO  [service.py]  #99 <1451801:140622547621632>  	 -> Input shape: torch.Size([1, 1, 256, 256]), Starting translating ...
[[2022-05-11 17:32:32]]  INFO  [service.py]  #101 <1451801:140622547621632>  	 -> Output shape: torch.Size([1, 1, 256, 256]), Starting translating ...
[[2022-05-11 17:32:32]]  INFO  [service.py]  #111 <1451801:140622547621632>  	# Time using: 0.2s
[[2022-05-11 17:32:42]]  INFO  [service.py]  #80 <1451801:140622547621632>  @ -> Start Translating ... 
[[2022-05-11 17:32:42]]  INFO  [service.py]  #99 <1451801:140622547621632>  	 -> Input shape: torch.Size([1, 1, 256, 256]), Starting translating ...
[[2022-05-11 17:32:42]]  INFO  [service.py]  #101 <1451801:140622547621632>  	 -> Output shape: torch.Size([1, 1, 256, 256]), Starting translating ...
[[2022-05-11 17:32:42]]  INFO  [service.py]  #111 <1451801:140622547621632>  	# Time using: 0.2s
[[2022-05-11 17:32:48]]  INFO  [service.py]  #80 <1451801:140622547621632>  @ -> Start Translating ... 
[[2022-05-11 17:32:48]]  INFO  [service.py]  #99 <1451801:140622547621632>  	 -> Input shape: torch.Size([1, 1, 256, 256]), Starting translating ...
[[2022-05-11 17:32:48]]  INFO  [service.py]  #101 <1451801:140622547621632>  	 -> Output shape: torch.Size([1, 1, 256, 256]), Starting translating ...
[[2022-05-11 17:32:48]]  INFO  [service.py]  #111 <1451801:140622547621632>  	# Time using: 0.1s
[[2022-05-11 17:32:52]]  INFO  [service.py]  #80 <1451801:140622547621632>  @ -> Start Translating ... 
[[2022-05-11 17:32:52]]  INFO  [service.py]  #99 <1451801:140622547621632>  	 -> Input shape: torch.Size([1, 1, 256, 256]), Starting translating ...
[[2022-05-11 17:32:52]]  INFO  [service.py]  #101 <1451801:140622547621632>  	 -> Output shape: torch.Size([1, 1, 256, 256]), Starting translating ...
[[2022-05-11 17:32:52]]  INFO  [service.py]  #111 <1451801:140622547621632>  	# Time using: 0.2s
[[2022-05-11 17:33:02]]  INFO  [service.py]  #80 <1451801:140622547621632>  @ -> Start Translating ... 
[[2022-05-11 17:33:06]]  INFO  [service.py]  #80 <1451801:140622455367424>  @ -> Start Translating ... 
[[2022-05-11 17:33:06]]  INFO  [service.py]  #99 <1451801:140622547621632>  	 -> Input shape: torch.Size([1, 1, 256, 256]), Starting translating ...
[[2022-05-11 17:33:06]]  INFO  [service.py]  #101 <1451801:140622547621632>  	 -> Output shape: torch.Size([1, 1, 256, 256]), Starting translating ...
[[2022-05-11 17:33:06]]  INFO  [service.py]  #111 <1451801:140622547621632>  	# Time using: 0.2s
[[2022-05-11 17:33:11]]  INFO  [service.py]  #99 <1451801:140622455367424>  	 -> Input shape: torch.Size([1, 1, 256, 256]), Starting translating ...
[[2022-05-11 17:33:11]]  INFO  [service.py]  #101 <1451801:140622455367424>  	 -> Output shape: torch.Size([1, 1, 256, 256]), Starting translating ...
[[2022-05-11 17:33:11]]  INFO  [service.py]  #111 <1451801:140622455367424>  	# Time using: 0.3s
[[2022-05-11 17:34:28]]  INFO  [service.py]  #80 <1451801:140622455367424>  @ -> Start Translating ... 
[[2022-05-11 17:34:28]]  INFO  [service.py]  #99 <1451801:140622455367424>  	 -> Input shape: torch.Size([1, 1, 256, 256]), Starting translating ...
[[2022-05-11 17:34:28]]  INFO  [service.py]  #101 <1451801:140622455367424>  	 -> Output shape: torch.Size([1, 1, 256, 256]), Starting translating ...
[[2022-05-11 17:34:28]]  INFO  [service.py]  #111 <1451801:140622455367424>  	# Time using: 0.2s
[[2022-05-11 17:41:19]]  INFO  [service.py]  #80 <1451801:140622455367424>  @ -> Start Translating ... 
[[2022-05-11 17:41:19]]  INFO  [service.py]  #99 <1451801:140622455367424>  	 -> Input shape: torch.Size([1, 1, 256, 256]), Starting translating ...
[[2022-05-11 17:41:19]]  INFO  [service.py]  #101 <1451801:140622455367424>  	 -> Output shape: torch.Size([1, 1, 256, 256]), Starting translating ...
[[2022-05-11 17:41:20]]  INFO  [service.py]  #111 <1451801:140622455367424>  	# Time using: 0.2s
[[2022-05-11 17:42:08]]  INFO  [service.py]  #80 <1451801:140622455367424>  @ -> Start Translating ... 
[[2022-05-11 17:42:08]]  INFO  [service.py]  #99 <1451801:140622455367424>  	 -> Input shape: torch.Size([1, 1, 256, 256]), Starting translating ...
[[2022-05-11 17:42:08]]  INFO  [service.py]  #101 <1451801:140622455367424>  	 -> Output shape: torch.Size([1, 1, 256, 256]), Starting translating ...
[[2022-05-11 17:42:08]]  INFO  [service.py]  #111 <1451801:140622455367424>  	# Time using: 0.2s
[[2022-05-11 17:43:05]]  INFO  [service.py]  #80 <1451801:140622455367424>  @ -> Start Translating ... 
[[2022-05-11 17:43:12]]  INFO  [service.py]  #80 <1451801:140622547621632>  @ -> Start Translating ... 
[[2022-05-11 17:43:28]]  INFO  [service.py]  #80 <1451801:140622547621632>  @ -> Start Translating ... 
[[2022-05-11 17:43:37]]  INFO  [service.py]  #80 <1451801:140622455367424>  @ -> Start Translating ... 
[[2022-05-11 17:45:04]]  INFO  [service.py]  #46 <1502032:140254197974848>  * Loading the model from /home/zhaosheng/paper2/online_code/cbamunet-pix2pix/checkpoints/saru_0318_3/k0_300_net_G.pth.
[[2022-05-11 17:45:04]]  INFO  [service.py]  #53 <1502032:140254197974848>  	√ Success.
[[2022-05-11 17:45:06]]  INFO  [service.py]  #80 <1502032:140246150788864>  @ -> Start Translating ... 
[[2022-05-11 17:47:14]]  INFO  [service.py]  #80 <1502032:140246150788864>  @ -> Start Translating ... 
[[2022-05-11 17:47:18]]  INFO  [service.py]  #80 <1502032:140246150788864>  @ -> Start Translating ... 
[[2022-05-11 17:47:21]]  INFO  [service.py]  #80 <1502032:140246150788864>  @ -> Start Translating ... 
[[2022-05-11 17:47:46]]  INFO  [service.py]  #46 <1507014:140669251934016>  * Loading the model from /home/zhaosheng/paper2/online_code/cbamunet-pix2pix/checkpoints/saru_0318_3/k0_300_net_G.pth.
[[2022-05-11 17:47:46]]  INFO  [service.py]  #53 <1507014:140669251934016>  	√ Success.
[[2022-05-11 17:47:48]]  INFO  [service.py]  #80 <1507014:140661470762752>  @ -> Start Translating ... 
[[2022-05-11 17:48:44]]  INFO  [service.py]  #46 <1508895:140698816575296>  * Loading the model from /home/zhaosheng/paper2/online_code/cbamunet-pix2pix/checkpoints/saru_0318_3/k0_300_net_G.pth.
[[2022-05-11 17:48:45]]  INFO  [service.py]  #53 <1508895:140698816575296>  	√ Success.
[[2022-05-11 17:48:46]]  INFO  [service.py]  #80 <1508895:140690956732160>  @ -> Start Translating ... 
[[2022-05-11 17:49:53]]  INFO  [service.py]  #46 <1511082:140235651458880>  * Loading the model from /home/zhaosheng/paper2/online_code/cbamunet-pix2pix/checkpoints/saru_0318_3/k0_300_net_G.pth.
[[2022-05-11 17:49:53]]  INFO  [service.py]  #53 <1511082:140235651458880>  	√ Success.
[[2022-05-11 17:50:00]]  INFO  [service.py]  #80 <1511082:140227662313216>  @ -> Start Translating ... 
[[2022-05-11 17:51:34]]  INFO  [service.py]  #46 <1514212:140591470753600>  * Loading the model from /home/zhaosheng/paper2/online_code/cbamunet-pix2pix/checkpoints/saru_0318_3/k0_300_net_G.pth.
[[2022-05-11 17:51:34]]  INFO  [service.py]  #53 <1514212:140591470753600>  	√ Success.
[[2022-05-11 17:51:36]]  INFO  [service.py]  #80 <1514212:140583691589376>  @ -> Start Translating ... 
[[2022-05-11 17:51:57]]  INFO  [service.py]  #46 <1515057:139987524982592>  * Loading the model from /home/zhaosheng/paper2/online_code/cbamunet-pix2pix/checkpoints/saru_0318_3/k0_300_net_G.pth.
[[2022-05-11 17:51:57]]  INFO  [service.py]  #53 <1515057:139987524982592>  	√ Success.
[[2022-05-11 17:51:59]]  INFO  [service.py]  #80 <1515057:139979602773760>  @ -> Start Translating ... 
[[2022-05-11 17:52:47]]  INFO  [service.py]  #46 <1516714:140077846083392>  * Loading the model from /home/zhaosheng/paper2/online_code/cbamunet-pix2pix/checkpoints/saru_0318_3/k0_300_net_G.pth.
[[2022-05-11 17:52:47]]  INFO  [service.py]  #53 <1516714:140077846083392>  	√ Success.
[[2022-05-11 17:52:49]]  INFO  [service.py]  #80 <1516714:140069662869248>  @ -> Start Translating ... 
[[2022-05-11 17:54:17]]  INFO  [service.py]  #46 <1519502:139736166614848>  * Loading the model from /home/zhaosheng/paper2/online_code/cbamunet-pix2pix/checkpoints/saru_0318_3/k0_300_net_G.pth.
[[2022-05-11 17:54:17]]  INFO  [service.py]  #53 <1519502:139736166614848>  	√ Success.
[[2022-05-11 17:54:19]]  INFO  [service.py]  #80 <1519502:139728389117696>  @ -> Start Translating ... 
[[2022-05-11 17:54:43]]  INFO  [service.py]  #46 <1520440:140657787402048>  * Loading the model from /home/zhaosheng/paper2/online_code/cbamunet-pix2pix/checkpoints/saru_0318_3/k0_300_net_G.pth.
[[2022-05-11 17:54:43]]  INFO  [service.py]  #53 <1520440:140657787402048>  	√ Success.
[[2022-05-11 17:54:52]]  INFO  [service.py]  #46 <1520872:139907407984448>  * Loading the model from /home/zhaosheng/paper2/online_code/cbamunet-pix2pix/checkpoints/saru_0318_3/k0_300_net_G.pth.
[[2022-05-11 17:54:52]]  INFO  [service.py]  #53 <1520872:139907407984448>  	√ Success.
[[2022-05-11 17:54:54]]  INFO  [service.py]  #80 <1520872:139899550291712>  @ -> Start Translating ... 
[[2022-05-11 17:55:07]]  INFO  [service.py]  #46 <1521454:140194592180032>  * Loading the model from /home/zhaosheng/paper2/online_code/cbamunet-pix2pix/checkpoints/saru_0318_3/k0_300_net_G.pth.
[[2022-05-11 17:55:07]]  INFO  [service.py]  #53 <1521454:140194592180032>  	√ Success.
[[2022-05-11 17:55:09]]  INFO  [service.py]  #80 <1521454:140186541332224>  @ -> Start Translating ... 
[[2022-05-11 17:55:24]]  INFO  [service.py]  #46 <1522169:139985871796032>  * Loading the model from /home/zhaosheng/paper2/online_code/cbamunet-pix2pix/checkpoints/saru_0318_3/k0_300_net_G.pth.
[[2022-05-11 17:55:24]]  INFO  [service.py]  #53 <1522169:139985871796032>  	√ Success.
[[2022-05-11 17:55:26]]  INFO  [service.py]  #80 <1522169:139978017339136>  @ -> Start Translating ... 
[[2022-05-11 17:56:02]]  INFO  [service.py]  #46 <1523483:139854591829824>  * Loading the model from /home/zhaosheng/paper2/online_code/cbamunet-pix2pix/checkpoints/saru_0318_3/k0_300_net_G.pth.
[[2022-05-11 17:56:02]]  INFO  [service.py]  #53 <1523483:139854591829824>  	√ Success.
[[2022-05-11 17:56:04]]  INFO  [service.py]  #80 <1523483:139846735615744>  @ -> Start Translating ... 
[[2022-05-11 17:56:05]]  INFO  [service.py]  #99 <1523483:139846735615744>  	 -> Input shape: torch.Size([1, 1, 256, 256]), Starting translating ...
[[2022-05-11 17:56:05]]  INFO  [service.py]  #101 <1523483:139846735615744>  	 -> Output shape: torch.Size([1, 1, 256, 256]), Starting translating ...
[[2022-05-11 17:56:05]]  INFO  [service.py]  #111 <1523483:139846735615744>  	# Time using: 0.3s
[[2022-05-11 17:56:54]]  INFO  [service.py]  #80 <1523483:139846735615744>  @ -> Start Translating ... 
[[2022-05-11 17:57:02]]  INFO  [service.py]  #80 <1523483:139846718830336>  @ -> Start Translating ... 
[[2022-05-11 17:57:05]]  INFO  [service.py]  #99 <1523483:139846735615744>  	 -> Input shape: torch.Size([1, 1, 256, 256]), Starting translating ...
[[2022-05-11 17:57:06]]  INFO  [service.py]  #101 <1523483:139846735615744>  	 -> Output shape: torch.Size([1, 1, 256, 256]), Starting translating ...
[[2022-05-11 17:57:06]]  INFO  [service.py]  #111 <1523483:139846735615744>  	# Time using: 0.3s
[[2022-05-11 17:57:13]]  INFO  [service.py]  #99 <1523483:139846718830336>  	 -> Input shape: torch.Size([1, 1, 256, 256]), Starting translating ...
[[2022-05-11 17:57:13]]  INFO  [service.py]  #101 <1523483:139846718830336>  	 -> Output shape: torch.Size([1, 1, 256, 256]), Starting translating ...
[[2022-05-11 17:57:13]]  INFO  [service.py]  #111 <1523483:139846718830336>  	# Time using: 0.2s
[[2022-05-11 17:58:35]]  INFO  [service.py]  #80 <1523483:139846718830336>  @ -> Start Translating ... 
[[2022-05-11 17:58:36]]  INFO  [service.py]  #99 <1523483:139846718830336>  	 -> Input shape: torch.Size([1, 1, 256, 256]), Starting translating ...
[[2022-05-11 17:58:37]]  INFO  [service.py]  #101 <1523483:139846718830336>  	 -> Output shape: torch.Size([1, 1, 256, 256]), Starting translating ...
[[2022-05-11 17:58:37]]  INFO  [service.py]  #111 <1523483:139846718830336>  	# Time using: 0.2s
[[2022-05-11 18:00:45]]  INFO  [service.py]  #80 <1523483:139846718830336>  @ -> Start Translating ... 
[[2022-05-11 18:00:45]]  INFO  [service.py]  #99 <1523483:139846718830336>  	 -> Input shape: torch.Size([1, 1, 256, 256]), Starting translating ...
[[2022-05-11 18:00:45]]  INFO  [service.py]  #101 <1523483:139846718830336>  	 -> Output shape: torch.Size([1, 1, 256, 256]), Starting translating ...
[[2022-05-11 18:00:45]]  INFO  [service.py]  #111 <1523483:139846718830336>  	# Time using: 0.2s
[[2022-05-11 18:01:02]]  INFO  [service.py]  #80 <1523483:139846718830336>  @ -> Start Translating ... 
[[2022-05-11 18:01:02]]  INFO  [service.py]  #99 <1523483:139846718830336>  	 -> Input shape: torch.Size([1, 1, 256, 256]), Starting translating ...
[[2022-05-11 18:01:02]]  INFO  [service.py]  #101 <1523483:139846718830336>  	 -> Output shape: torch.Size([1, 1, 256, 256]), Starting translating ...
[[2022-05-11 18:01:02]]  INFO  [service.py]  #111 <1523483:139846718830336>  	# Time using: 0.2s
[[2022-05-11 18:01:20]]  INFO  [service.py]  #80 <1523483:139846718830336>  @ -> Start Translating ... 
[[2022-05-11 18:01:20]]  INFO  [service.py]  #99 <1523483:139846718830336>  	 -> Input shape: torch.Size([1, 1, 256, 256]), Starting translating ...
[[2022-05-11 18:01:20]]  INFO  [service.py]  #101 <1523483:139846718830336>  	 -> Output shape: torch.Size([1, 1, 256, 256]), Starting translating ...
[[2022-05-11 18:01:20]]  INFO  [service.py]  #111 <1523483:139846718830336>  	# Time using: 0.1s
[[2022-05-11 18:04:31]]  INFO  [service.py]  #80 <1523483:139846718830336>  @ -> Start Translating ... 
[[2022-05-11 18:04:31]]  INFO  [service.py]  #99 <1523483:139846718830336>  	 -> Input shape: torch.Size([1, 1, 256, 256]), Starting translating ...
[[2022-05-11 18:04:31]]  INFO  [service.py]  #101 <1523483:139846718830336>  	 -> Output shape: torch.Size([1, 1, 256, 256]), Starting translating ...
[[2022-05-11 18:04:31]]  INFO  [service.py]  #111 <1523483:139846718830336>  	# Time using: 0.2s
[[2022-05-11 18:05:09]]  INFO  [service.py]  #80 <1523483:139846718830336>  @ -> Start Translating ... 
[[2022-05-11 18:05:09]]  INFO  [service.py]  #99 <1523483:139846718830336>  	 -> Input shape: torch.Size([1, 1, 256, 256]), Starting translating ...
[[2022-05-11 18:05:10]]  INFO  [service.py]  #101 <1523483:139846718830336>  	 -> Output shape: torch.Size([1, 1, 256, 256]), Starting translating ...
[[2022-05-11 18:05:10]]  INFO  [service.py]  #111 <1523483:139846718830336>  	# Time using: 0.1s
[[2022-05-11 18:08:16]]  INFO  [service.py]  #46 <1546581:140438598588224>  * Loading the model from /home/zhaosheng/paper2/online_code/cbamunet-pix2pix/checkpoints/saru_0318_3/k0_300_net_G.pth.
[[2022-05-11 18:08:16]]  INFO  [service.py]  #53 <1546581:140438598588224>  	√ Success.
[[2022-05-11 18:08:19]]  INFO  [service.py]  #46 <1546803:140602486449984>  * Loading the model from /home/zhaosheng/paper2/online_code/cbamunet-pix2pix/checkpoints/saru_0318_3/k0_300_net_G.pth.
[[2022-05-11 18:08:19]]  INFO  [service.py]  #53 <1546803:140602486449984>  	√ Success.
[[2022-05-11 18:08:46]]  INFO  [service.py]  #80 <1546803:140594705835776>  @ -> Start Translating ... 
[[2022-05-11 18:08:46]]  INFO  [service.py]  #99 <1546803:140594705835776>  	 -> Input shape: torch.Size([1, 1, 256, 256]), Starting translating ...
[[2022-05-11 18:08:46]]  INFO  [service.py]  #101 <1546803:140594705835776>  	 -> Output shape: torch.Size([1, 1, 256, 256]), Starting translating ...
[[2022-05-11 18:08:46]]  INFO  [service.py]  #111 <1546803:140594705835776>  	# Time using: 0.3s
[[2022-05-11 18:09:16]]  INFO  [service.py]  #80 <1546803:140594705835776>  @ -> Start Translating ... 
[[2022-05-11 18:09:16]]  INFO  [service.py]  #99 <1546803:140594705835776>  	 -> Input shape: torch.Size([1, 1, 256, 256]), Starting translating ...
[[2022-05-11 18:09:16]]  INFO  [service.py]  #101 <1546803:140594705835776>  	 -> Output shape: torch.Size([1, 1, 256, 256]), Starting translating ...
[[2022-05-11 18:09:16]]  INFO  [service.py]  #111 <1546803:140594705835776>  	# Time using: 0.1s
[[2022-05-11 18:13:09]]  INFO  [service.py]  #46 <1555778:139963067893568>  * Loading the model from /home/zhaosheng/paper2/online_code/cbamunet-pix2pix/checkpoints/saru_0318_3/k0_300_net_G.pth.
[[2022-05-11 18:13:09]]  INFO  [service.py]  #53 <1555778:139963067893568>  	√ Success.
[[2022-05-11 18:14:29]]  INFO  [service.py]  #46 <1558320:139931636672320>  * Loading the model from /home/zhaosheng/paper2/online_code/cbamunet-pix2pix/checkpoints/saru_0318_3/k0_300_net_G.pth.
[[2022-05-11 18:14:29]]  INFO  [service.py]  #53 <1558320:139931636672320>  	√ Success.
[[2022-05-11 18:14:58]]  INFO  [service.py]  #46 <1559363:139935460181824>  * Loading the model from /home/zhaosheng/paper2/online_code/cbamunet-pix2pix/checkpoints/saru_0318_3/k0_300_net_G.pth.
[[2022-05-11 18:14:58]]  INFO  [service.py]  #53 <1559363:139935460181824>  	√ Success.
[[2022-05-11 18:16:24]]  INFO  [service.py]  #46 <1562040:139684962346816>  * Loading the model from /home/zhaosheng/paper2/online_code/cbamunet-pix2pix/checkpoints/saru_0318_3/k0_300_net_G.pth.
[[2022-05-11 18:16:24]]  INFO  [service.py]  #53 <1562040:139684962346816>  	√ Success.
[[2022-05-11 18:23:05]]  INFO  [service.py]  #80 <1562040:139677101192960>  @ -> Start Translating ... 
[[2022-05-11 18:23:05]]  INFO  [service.py]  #99 <1562040:139677101192960>  	 -> Input shape: torch.Size([1, 1, 256, 256]), Starting translating ...
[[2022-05-11 18:23:05]]  INFO  [service.py]  #101 <1562040:139677101192960>  	 -> Output shape: torch.Size([1, 1, 256, 256]), Starting translating ...
[[2022-05-11 18:23:05]]  INFO  [service.py]  #111 <1562040:139677101192960>  	# Time using: 0.4s
[[2022-05-11 18:23:29]]  INFO  [service.py]  #80 <1562040:139677101192960>  @ -> Start Translating ... 
[[2022-05-11 18:23:29]]  INFO  [service.py]  #99 <1562040:139677101192960>  	 -> Input shape: torch.Size([1, 1, 256, 256]), Starting translating ...
[[2022-05-11 18:23:29]]  INFO  [service.py]  #101 <1562040:139677101192960>  	 -> Output shape: torch.Size([1, 1, 256, 256]), Starting translating ...
[[2022-05-11 18:23:29]]  INFO  [service.py]  #111 <1562040:139677101192960>  	# Time using: 0.1s
[[2022-05-11 18:23:47]]  INFO  [service.py]  #80 <1562040:139677101192960>  @ -> Start Translating ... 
[[2022-05-11 18:23:47]]  INFO  [service.py]  #99 <1562040:139677101192960>  	 -> Input shape: torch.Size([1, 1, 256, 256]), Starting translating ...
[[2022-05-11 18:23:47]]  INFO  [service.py]  #101 <1562040:139677101192960>  	 -> Output shape: torch.Size([1, 1, 256, 256]), Starting translating ...
[[2022-05-11 18:23:47]]  INFO  [service.py]  #111 <1562040:139677101192960>  	# Time using: 0.1s
[[2022-05-11 18:23:58]]  INFO  [service.py]  #80 <1562040:139677101192960>  @ -> Start Translating ... 
[[2022-05-11 18:23:58]]  INFO  [service.py]  #99 <1562040:139677101192960>  	 -> Input shape: torch.Size([1, 1, 256, 256]), Starting translating ...
[[2022-05-11 18:23:58]]  INFO  [service.py]  #101 <1562040:139677101192960>  	 -> Output shape: torch.Size([1, 1, 256, 256]), Starting translating ...
[[2022-05-11 18:23:58]]  INFO  [service.py]  #111 <1562040:139677101192960>  	# Time using: 0.1s
[[2022-05-11 18:24:20]]  INFO  [service.py]  #80 <1562040:139677101192960>  @ -> Start Translating ... 
[[2022-05-11 18:24:20]]  INFO  [service.py]  #99 <1562040:139677101192960>  	 -> Input shape: torch.Size([1, 1, 256, 256]), Starting translating ...
[[2022-05-11 18:24:20]]  INFO  [service.py]  #101 <1562040:139677101192960>  	 -> Output shape: torch.Size([1, 1, 256, 256]), Starting translating ...
[[2022-05-11 18:24:20]]  INFO  [service.py]  #111 <1562040:139677101192960>  	# Time using: 0.1s
[[2022-05-11 18:41:32]]  INFO  [service.py]  #80 <1562040:139677101192960>  @ -> Start Translating ... 
[[2022-05-11 18:41:32]]  INFO  [service.py]  #80 <1562040:139677092800256>  @ -> Start Translating ... 
[[2022-05-11 18:41:32]]  INFO  [service.py]  #99 <1562040:139677101192960>  	 -> Input shape: torch.Size([1, 1, 256, 256]), Starting translating ...
[[2022-05-11 18:41:32]]  INFO  [service.py]  #99 <1562040:139677092800256>  	 -> Input shape: torch.Size([1, 1, 256, 256]), Starting translating ...
[[2022-05-11 18:41:32]]  INFO  [service.py]  #101 <1562040:139677092800256>  	 -> Output shape: torch.Size([1, 1, 256, 256]), Starting translating ...
[[2022-05-11 18:41:32]]  INFO  [service.py]  #111 <1562040:139677092800256>  	# Time using: 0.4s
[[2022-05-11 18:41:32]]  INFO  [service.py]  #101 <1562040:139677101192960>  	 -> Output shape: torch.Size([1, 1, 256, 256]), Starting translating ...
[[2022-05-11 18:41:32]]  INFO  [service.py]  #111 <1562040:139677101192960>  	# Time using: 0.4s
[[2022-05-11 18:41:36]]  INFO  [service.py]  #80 <1562040:139677101192960>  @ -> Start Translating ... 
[[2022-05-11 18:41:36]]  INFO  [service.py]  #99 <1562040:139677101192960>  	 -> Input shape: torch.Size([1, 1, 256, 256]), Starting translating ...
[[2022-05-11 18:41:36]]  INFO  [service.py]  #101 <1562040:139677101192960>  	 -> Output shape: torch.Size([1, 1, 256, 256]), Starting translating ...
[[2022-05-11 18:41:36]]  INFO  [service.py]  #111 <1562040:139677101192960>  	# Time using: 0.2s
[[2022-05-11 18:48:30]]  INFO  [service.py]  #80 <1562040:139677101192960>  @ -> Start Translating ... 
[[2022-05-11 18:48:30]]  INFO  [service.py]  #99 <1562040:139677101192960>  	 -> Input shape: torch.Size([1, 1, 256, 256]), Starting translating ...
[[2022-05-11 18:48:30]]  INFO  [service.py]  #101 <1562040:139677101192960>  	 -> Output shape: torch.Size([1, 1, 256, 256]), Starting translating ...
[[2022-05-11 18:48:30]]  INFO  [service.py]  #111 <1562040:139677101192960>  	# Time using: 0.2s
[[2022-05-11 18:49:33]]  INFO  [service.py]  #80 <1562040:139677101192960>  @ -> Start Translating ... 
[[2022-05-11 18:49:33]]  INFO  [service.py]  #99 <1562040:139677101192960>  	 -> Input shape: torch.Size([1, 1, 256, 256]), Starting translating ...
[[2022-05-11 18:49:33]]  INFO  [service.py]  #101 <1562040:139677101192960>  	 -> Output shape: torch.Size([1, 1, 256, 256]), Starting translating ...
[[2022-05-11 18:49:33]]  INFO  [service.py]  #111 <1562040:139677101192960>  	# Time using: 0.1s
[[2022-05-11 18:49:43]]  INFO  [service.py]  #80 <1562040:139677101192960>  @ -> Start Translating ... 
[[2022-05-11 18:49:43]]  INFO  [service.py]  #99 <1562040:139677101192960>  	 -> Input shape: torch.Size([1, 1, 256, 256]), Starting translating ...
[[2022-05-11 18:49:43]]  INFO  [service.py]  #101 <1562040:139677101192960>  	 -> Output shape: torch.Size([1, 1, 256, 256]), Starting translating ...
[[2022-05-11 18:49:44]]  INFO  [service.py]  #111 <1562040:139677101192960>  	# Time using: 0.1s
[[2022-05-11 18:50:31]]  INFO  [service.py]  #80 <1562040:139677101192960>  @ -> Start Translating ... 
[[2022-05-11 18:50:32]]  INFO  [service.py]  #99 <1562040:139677101192960>  	 -> Input shape: torch.Size([1, 1, 256, 256]), Starting translating ...
[[2022-05-11 18:50:32]]  INFO  [service.py]  #101 <1562040:139677101192960>  	 -> Output shape: torch.Size([1, 1, 256, 256]), Starting translating ...
[[2022-05-11 18:50:32]]  INFO  [service.py]  #111 <1562040:139677101192960>  	# Time using: 0.1s
[[2022-05-11 18:51:31]]  INFO  [service.py]  #80 <1562040:139677101192960>  @ -> Start Translating ... 
[[2022-05-11 18:51:35]]  INFO  [service.py]  #99 <1562040:139677101192960>  	 -> Input shape: torch.Size([1, 1, 256, 256]), Starting translating ...
[[2022-05-11 18:51:36]]  INFO  [service.py]  #101 <1562040:139677101192960>  	 -> Output shape: torch.Size([1, 1, 256, 256]), Starting translating ...
[[2022-05-11 18:51:36]]  INFO  [service.py]  #111 <1562040:139677101192960>  	# Time using: 0.2s
[[2022-05-11 18:51:37]]  INFO  [service.py]  #80 <1562040:139677101192960>  @ -> Start Translating ... 
[[2022-05-11 18:51:41]]  INFO  [service.py]  #99 <1562040:139677101192960>  	 -> Input shape: torch.Size([1, 1, 256, 256]), Starting translating ...
[[2022-05-11 18:51:41]]  INFO  [service.py]  #101 <1562040:139677101192960>  	 -> Output shape: torch.Size([1, 1, 256, 256]), Starting translating ...
[[2022-05-11 18:51:41]]  INFO  [service.py]  #111 <1562040:139677101192960>  	# Time using: 0.2s
[[2022-05-11 18:53:08]]  INFO  [service.py]  #80 <1562040:139677101192960>  @ -> Start Translating ... 
[[2022-05-11 18:53:08]]  INFO  [service.py]  #99 <1562040:139677101192960>  	 -> Input shape: torch.Size([1, 1, 256, 256]), Starting translating ...
[[2022-05-11 18:53:09]]  INFO  [service.py]  #101 <1562040:139677101192960>  	 -> Output shape: torch.Size([1, 1, 256, 256]), Starting translating ...
[[2022-05-11 18:53:09]]  INFO  [service.py]  #111 <1562040:139677101192960>  	# Time using: 0.2s
[[2022-05-11 18:54:35]]  INFO  [service.py]  #80 <1562040:139677101192960>  @ -> Start Translating ... 
[[2022-05-11 18:54:37]]  INFO  [service.py]  #99 <1562040:139677101192960>  	 -> Input shape: torch.Size([1, 1, 256, 256]), Starting translating ...
[[2022-05-11 18:54:37]]  INFO  [service.py]  #101 <1562040:139677101192960>  	 -> Output shape: torch.Size([1, 1, 256, 256]), Starting translating ...
[[2022-05-11 18:54:37]]  INFO  [service.py]  #111 <1562040:139677101192960>  	# Time using: 0.2s
[[2022-05-11 18:58:52]]  INFO  [service.py]  #80 <1562040:139677101192960>  @ -> Start Translating ... 
[[2022-05-11 18:58:52]]  INFO  [service.py]  #99 <1562040:139677101192960>  	 -> Input shape: torch.Size([1, 1, 256, 256]), Starting translating ...
[[2022-05-11 18:58:52]]  INFO  [service.py]  #101 <1562040:139677101192960>  	 -> Output shape: torch.Size([1, 1, 256, 256]), Starting translating ...
[[2022-05-11 18:58:52]]  INFO  [service.py]  #111 <1562040:139677101192960>  	# Time using: 0.2s
[[2022-05-11 19:02:15]]  INFO  [service.py]  #80 <1562040:139677101192960>  @ -> Start Translating ... 
[[2022-05-11 19:02:15]]  INFO  [service.py]  #99 <1562040:139677101192960>  	 -> Input shape: torch.Size([1, 1, 256, 256]), Starting translating ...
[[2022-05-11 19:02:15]]  INFO  [service.py]  #101 <1562040:139677101192960>  	 -> Output shape: torch.Size([1, 1, 256, 256]), Starting translating ...
[[2022-05-11 19:02:15]]  INFO  [service.py]  #111 <1562040:139677101192960>  	# Time using: 0.2s
[[2022-05-11 19:02:24]]  INFO  [service.py]  #80 <1562040:139677101192960>  @ -> Start Translating ... 
[[2022-05-11 19:02:24]]  INFO  [service.py]  #99 <1562040:139677101192960>  	 -> Input shape: torch.Size([1, 1, 256, 256]), Starting translating ...
[[2022-05-11 19:02:24]]  INFO  [service.py]  #101 <1562040:139677101192960>  	 -> Output shape: torch.Size([1, 1, 256, 256]), Starting translating ...
[[2022-05-11 19:02:24]]  INFO  [service.py]  #111 <1562040:139677101192960>  	# Time using: 0.1s
[[2022-05-11 19:04:26]]  INFO  [service.py]  #80 <1562040:139677101192960>  @ -> Start Translating ... 
[[2022-05-11 19:04:26]]  INFO  [service.py]  #99 <1562040:139677101192960>  	 -> Input shape: torch.Size([1, 1, 256, 256]), Starting translating ...
[[2022-05-11 19:04:27]]  INFO  [service.py]  #101 <1562040:139677101192960>  	 -> Output shape: torch.Size([1, 1, 256, 256]), Starting translating ...
[[2022-05-11 19:04:27]]  INFO  [service.py]  #111 <1562040:139677101192960>  	# Time using: 0.1s
[[2022-05-11 19:05:00]]  INFO  [service.py]  #80 <1562040:139677101192960>  @ -> Start Translating ... 
[[2022-05-11 19:05:01]]  INFO  [service.py]  #99 <1562040:139677101192960>  	 -> Input shape: torch.Size([1, 1, 256, 256]), Starting translating ...
[[2022-05-11 19:05:01]]  INFO  [service.py]  #101 <1562040:139677101192960>  	 -> Output shape: torch.Size([1, 1, 256, 256]), Starting translating ...
[[2022-05-11 19:05:01]]  INFO  [service.py]  #111 <1562040:139677101192960>  	# Time using: 0.1s
[[2022-05-11 19:09:37]]  INFO  [service.py]  #80 <1562040:139677101192960>  @ -> Start Translating ... 
[[2022-05-11 19:09:37]]  INFO  [service.py]  #99 <1562040:139677101192960>  	 -> Input shape: torch.Size([1, 1, 256, 256]), Starting translating ...
[[2022-05-11 19:09:37]]  INFO  [service.py]  #101 <1562040:139677101192960>  	 -> Output shape: torch.Size([1, 1, 256, 256]), Starting translating ...
[[2022-05-11 19:09:37]]  INFO  [service.py]  #111 <1562040:139677101192960>  	# Time using: 0.2s
[[2022-05-11 19:09:48]]  INFO  [service.py]  #80 <1562040:139677101192960>  @ -> Start Translating ... 
[[2022-05-11 19:09:48]]  INFO  [service.py]  #99 <1562040:139677101192960>  	 -> Input shape: torch.Size([1, 1, 256, 256]), Starting translating ...
[[2022-05-11 19:09:48]]  INFO  [service.py]  #101 <1562040:139677101192960>  	 -> Output shape: torch.Size([1, 1, 256, 256]), Starting translating ...
[[2022-05-11 19:09:48]]  INFO  [service.py]  #111 <1562040:139677101192960>  	# Time using: 0.2s
[[2022-05-11 19:24:23]]  INFO  [service.py]  #80 <1562040:139677101192960>  @ -> Start Translating ... 
[[2022-05-11 19:24:23]]  INFO  [service.py]  #99 <1562040:139677101192960>  	 -> Input shape: torch.Size([1, 1, 256, 256]), Starting translating ...
[[2022-05-11 19:24:23]]  INFO  [service.py]  #101 <1562040:139677101192960>  	 -> Output shape: torch.Size([1, 1, 256, 256]), Starting translating ...
[[2022-05-11 19:24:23]]  INFO  [service.py]  #111 <1562040:139677101192960>  	# Time using: 0.3s
[[2022-05-11 19:25:49]]  INFO  [service.py]  #80 <1562040:139677101192960>  @ -> Start Translating ... 
[[2022-05-11 19:25:50]]  INFO  [service.py]  #99 <1562040:139677101192960>  	 -> Input shape: torch.Size([1, 1, 256, 256]), Starting translating ...
[[2022-05-11 19:25:50]]  INFO  [service.py]  #101 <1562040:139677101192960>  	 -> Output shape: torch.Size([1, 1, 256, 256]), Starting translating ...
[[2022-05-11 19:25:50]]  INFO  [service.py]  #111 <1562040:139677101192960>  	# Time using: 0.1s
[[2022-05-11 19:27:45]]  INFO  [service.py]  #80 <1562040:139677101192960>  @ -> Start Translating ... 
[[2022-05-11 19:27:47]]  INFO  [service.py]  #99 <1562040:139677101192960>  	 -> Input shape: torch.Size([1, 1, 256, 256]), Starting translating ...
[[2022-05-11 19:27:47]]  INFO  [service.py]  #101 <1562040:139677101192960>  	 -> Output shape: torch.Size([1, 1, 256, 256]), Starting translating ...
[[2022-05-11 19:27:47]]  INFO  [service.py]  #111 <1562040:139677101192960>  	# Time using: 0.2s
[[2022-05-11 19:28:22]]  INFO  [service.py]  #80 <1562040:139677101192960>  @ -> Start Translating ... 
[[2022-05-11 19:28:22]]  INFO  [service.py]  #99 <1562040:139677101192960>  	 -> Input shape: torch.Size([1, 1, 256, 256]), Starting translating ...
[[2022-05-11 19:28:22]]  INFO  [service.py]  #101 <1562040:139677101192960>  	 -> Output shape: torch.Size([1, 1, 256, 256]), Starting translating ...
[[2022-05-11 19:28:22]]  INFO  [service.py]  #111 <1562040:139677101192960>  	# Time using: 0.2s
[[2022-05-11 20:15:20]]  INFO  [service.py]  #80 <1562040:139677101192960>  @ -> Start Translating ... 
[[2022-05-11 20:15:20]]  INFO  [service.py]  #99 <1562040:139677101192960>  	 -> Input shape: torch.Size([1, 1, 256, 256]), Starting translating ...
[[2022-05-11 20:15:20]]  INFO  [service.py]  #101 <1562040:139677101192960>  	 -> Output shape: torch.Size([1, 1, 256, 256]), Starting translating ...
[[2022-05-11 20:15:20]]  INFO  [service.py]  #111 <1562040:139677101192960>  	# Time using: 0.2s
[[2022-05-11 20:18:27]]  INFO  [service.py]  #80 <1562040:139677101192960>  @ -> Start Translating ... 
[[2022-05-11 20:18:27]]  INFO  [service.py]  #99 <1562040:139677101192960>  	 -> Input shape: torch.Size([1, 1, 256, 256]), Starting translating ...
[[2022-05-11 20:18:27]]  INFO  [service.py]  #101 <1562040:139677101192960>  	 -> Output shape: torch.Size([1, 1, 256, 256]), Starting translating ...
[[2022-05-11 20:18:27]]  INFO  [service.py]  #111 <1562040:139677101192960>  	# Time using: 0.1s
[[2022-05-11 20:25:24]]  INFO  [service.py]  #80 <1562040:139677101192960>  @ -> Start Translating ... 
[[2022-05-11 20:25:26]]  INFO  [service.py]  #99 <1562040:139677101192960>  	 -> Input shape: torch.Size([1, 1, 256, 256]), Starting translating ...
[[2022-05-11 20:25:26]]  INFO  [service.py]  #101 <1562040:139677101192960>  	 -> Output shape: torch.Size([1, 1, 256, 256]), Starting translating ...
[[2022-05-11 20:25:26]]  INFO  [service.py]  #111 <1562040:139677101192960>  	# Time using: 0.2s
[[2022-05-11 20:25:26]]  INFO  [service.py]  #80 <1562040:139677101192960>  @ -> Start Translating ... 
[[2022-05-11 20:25:27]]  INFO  [service.py]  #99 <1562040:139677101192960>  	 -> Input shape: torch.Size([1, 1, 256, 256]), Starting translating ...
[[2022-05-11 20:25:27]]  INFO  [service.py]  #101 <1562040:139677101192960>  	 -> Output shape: torch.Size([1, 1, 256, 256]), Starting translating ...
[[2022-05-11 20:25:27]]  INFO  [service.py]  #111 <1562040:139677101192960>  	# Time using: 0.1s
[[2022-05-11 20:41:33]]  INFO  [service.py]  #80 <1562040:139677101192960>  @ -> Start Translating ... 
[[2022-05-11 20:41:33]]  INFO  [service.py]  #99 <1562040:139677101192960>  	 -> Input shape: torch.Size([1, 1, 256, 256]), Starting translating ...
[[2022-05-11 20:41:33]]  INFO  [service.py]  #101 <1562040:139677101192960>  	 -> Output shape: torch.Size([1, 1, 256, 256]), Starting translating ...
[[2022-05-11 20:41:33]]  INFO  [service.py]  #111 <1562040:139677101192960>  	# Time using: 0.2s
[[2022-05-11 20:41:41]]  INFO  [service.py]  #80 <1562040:139677101192960>  @ -> Start Translating ... 
[[2022-05-11 20:41:41]]  INFO  [service.py]  #99 <1562040:139677101192960>  	 -> Input shape: torch.Size([1, 1, 256, 256]), Starting translating ...
[[2022-05-11 20:41:41]]  INFO  [service.py]  #101 <1562040:139677101192960>  	 -> Output shape: torch.Size([1, 1, 256, 256]), Starting translating ...
[[2022-05-11 20:41:41]]  INFO  [service.py]  #111 <1562040:139677101192960>  	# Time using: 0.1s
[[2022-05-11 20:43:41]]  INFO  [service.py]  #80 <1562040:139677101192960>  @ -> Start Translating ... 
[[2022-05-11 20:43:41]]  INFO  [service.py]  #99 <1562040:139677101192960>  	 -> Input shape: torch.Size([1, 1, 256, 256]), Starting translating ...
[[2022-05-11 20:43:41]]  INFO  [service.py]  #101 <1562040:139677101192960>  	 -> Output shape: torch.Size([1, 1, 256, 256]), Starting translating ...
[[2022-05-11 20:43:41]]  INFO  [service.py]  #111 <1562040:139677101192960>  	# Time using: 0.1s
[[2022-05-11 20:44:44]]  INFO  [service.py]  #80 <1562040:139677101192960>  @ -> Start Translating ... 
[[2022-05-11 20:44:44]]  INFO  [service.py]  #99 <1562040:139677101192960>  	 -> Input shape: torch.Size([1, 1, 256, 256]), Starting translating ...
[[2022-05-11 20:44:44]]  INFO  [service.py]  #101 <1562040:139677101192960>  	 -> Output shape: torch.Size([1, 1, 256, 256]), Starting translating ...
[[2022-05-11 20:44:44]]  INFO  [service.py]  #111 <1562040:139677101192960>  	# Time using: 0.1s
[[2022-05-11 20:48:03]]  INFO  [service.py]  #80 <1562040:139677101192960>  @ -> Start Translating ... 
[[2022-05-11 20:48:03]]  INFO  [service.py]  #99 <1562040:139677101192960>  	 -> Input shape: torch.Size([1, 1, 256, 256]), Starting translating ...
[[2022-05-11 20:48:04]]  INFO  [service.py]  #101 <1562040:139677101192960>  	 -> Output shape: torch.Size([1, 1, 256, 256]), Starting translating ...
[[2022-05-11 20:48:04]]  INFO  [service.py]  #111 <1562040:139677101192960>  	# Time using: 0.1s
[[2022-05-11 20:55:57]]  INFO  [service.py]  #80 <1562040:139677101192960>  @ -> Start Translating ... 
[[2022-05-11 20:55:57]]  INFO  [service.py]  #99 <1562040:139677101192960>  	 -> Input shape: torch.Size([1, 1, 256, 256]), Starting translating ...
[[2022-05-11 20:55:57]]  INFO  [service.py]  #101 <1562040:139677101192960>  	 -> Output shape: torch.Size([1, 1, 256, 256]), Starting translating ...
[[2022-05-11 20:55:57]]  INFO  [service.py]  #111 <1562040:139677101192960>  	# Time using: 0.1s
[[2022-05-11 21:11:37]]  INFO  [service.py]  #80 <1562040:139677101192960>  @ -> Start Translating ... 
[[2022-05-11 21:11:37]]  INFO  [service.py]  #99 <1562040:139677101192960>  	 -> Input shape: torch.Size([1, 1, 256, 256]), Starting translating ...
[[2022-05-11 21:11:37]]  INFO  [service.py]  #101 <1562040:139677101192960>  	 -> Output shape: torch.Size([1, 1, 256, 256]), Starting translating ...
[[2022-05-11 21:11:37]]  INFO  [service.py]  #111 <1562040:139677101192960>  	# Time using: 0.2s
[[2022-05-11 21:11:43]]  INFO  [service.py]  #80 <1562040:139677101192960>  @ -> Start Translating ... 
[[2022-05-11 21:11:43]]  INFO  [service.py]  #99 <1562040:139677101192960>  	 -> Input shape: torch.Size([1, 1, 256, 256]), Starting translating ...
[[2022-05-11 21:11:43]]  INFO  [service.py]  #101 <1562040:139677101192960>  	 -> Output shape: torch.Size([1, 1, 256, 256]), Starting translating ...
[[2022-05-11 21:11:43]]  INFO  [service.py]  #111 <1562040:139677101192960>  	# Time using: 0.1s
[[2022-05-11 21:12:00]]  INFO  [service.py]  #80 <1562040:139677101192960>  @ -> Start Translating ... 
[[2022-05-11 21:12:00]]  INFO  [service.py]  #99 <1562040:139677101192960>  	 -> Input shape: torch.Size([1, 1, 256, 256]), Starting translating ...
[[2022-05-11 21:12:00]]  INFO  [service.py]  #101 <1562040:139677101192960>  	 -> Output shape: torch.Size([1, 1, 256, 256]), Starting translating ...
[[2022-05-11 21:12:00]]  INFO  [service.py]  #111 <1562040:139677101192960>  	# Time using: 0.1s
[[2022-05-11 21:12:24]]  INFO  [service.py]  #80 <1562040:139677101192960>  @ -> Start Translating ... 
[[2022-05-11 21:12:24]]  INFO  [service.py]  #99 <1562040:139677101192960>  	 -> Input shape: torch.Size([1, 1, 256, 256]), Starting translating ...
[[2022-05-11 21:12:24]]  INFO  [service.py]  #101 <1562040:139677101192960>  	 -> Output shape: torch.Size([1, 1, 256, 256]), Starting translating ...
[[2022-05-11 21:12:24]]  INFO  [service.py]  #111 <1562040:139677101192960>  	# Time using: 0.1s
[[2022-05-11 21:12:29]]  INFO  [service.py]  #80 <1562040:139677101192960>  @ -> Start Translating ... 
[[2022-05-11 21:12:29]]  INFO  [service.py]  #99 <1562040:139677101192960>  	 -> Input shape: torch.Size([1, 1, 256, 256]), Starting translating ...
[[2022-05-11 21:12:29]]  INFO  [service.py]  #101 <1562040:139677101192960>  	 -> Output shape: torch.Size([1, 1, 256, 256]), Starting translating ...
[[2022-05-11 21:12:29]]  INFO  [service.py]  #111 <1562040:139677101192960>  	# Time using: 0.1s
[[2022-05-11 21:12:51]]  INFO  [service.py]  #80 <1562040:139677101192960>  @ -> Start Translating ... 
[[2022-05-11 21:12:51]]  INFO  [service.py]  #99 <1562040:139677101192960>  	 -> Input shape: torch.Size([1, 1, 256, 256]), Starting translating ...
[[2022-05-11 21:12:51]]  INFO  [service.py]  #101 <1562040:139677101192960>  	 -> Output shape: torch.Size([1, 1, 256, 256]), Starting translating ...
[[2022-05-11 21:12:51]]  INFO  [service.py]  #111 <1562040:139677101192960>  	# Time using: 0.1s
[[2022-05-11 21:27:25]]  INFO  [service.py]  #80 <1562040:139677101192960>  @ -> Start Translating ... 
[[2022-05-11 21:27:25]]  INFO  [service.py]  #99 <1562040:139677101192960>  	 -> Input shape: torch.Size([1, 1, 256, 256]), Starting translating ...
[[2022-05-11 21:27:25]]  INFO  [service.py]  #101 <1562040:139677101192960>  	 -> Output shape: torch.Size([1, 1, 256, 256]), Starting translating ...
[[2022-05-11 21:27:25]]  INFO  [service.py]  #111 <1562040:139677101192960>  	# Time using: 0.2s
[[2022-05-11 21:27:37]]  INFO  [service.py]  #80 <1562040:139677101192960>  @ -> Start Translating ... 
[[2022-05-11 21:27:37]]  INFO  [service.py]  #99 <1562040:139677101192960>  	 -> Input shape: torch.Size([1, 1, 256, 256]), Starting translating ...
[[2022-05-11 21:27:37]]  INFO  [service.py]  #101 <1562040:139677101192960>  	 -> Output shape: torch.Size([1, 1, 256, 256]), Starting translating ...
[[2022-05-11 21:27:37]]  INFO  [service.py]  #111 <1562040:139677101192960>  	# Time using: 0.1s
[[2022-05-11 21:27:58]]  INFO  [service.py]  #80 <1562040:139677101192960>  @ -> Start Translating ... 
[[2022-05-11 21:27:58]]  INFO  [service.py]  #99 <1562040:139677101192960>  	 -> Input shape: torch.Size([1, 1, 256, 256]), Starting translating ...
[[2022-05-11 21:27:58]]  INFO  [service.py]  #101 <1562040:139677101192960>  	 -> Output shape: torch.Size([1, 1, 256, 256]), Starting translating ...
[[2022-05-11 21:27:58]]  INFO  [service.py]  #111 <1562040:139677101192960>  	# Time using: 0.1s
[[2022-05-11 21:29:06]]  INFO  [service.py]  #80 <1562040:139677101192960>  @ -> Start Translating ... 
[[2022-05-11 21:29:06]]  INFO  [service.py]  #99 <1562040:139677101192960>  	 -> Input shape: torch.Size([1, 1, 256, 256]), Starting translating ...
[[2022-05-11 21:29:06]]  INFO  [service.py]  #101 <1562040:139677101192960>  	 -> Output shape: torch.Size([1, 1, 256, 256]), Starting translating ...
[[2022-05-11 21:29:06]]  INFO  [service.py]  #111 <1562040:139677101192960>  	# Time using: 0.2s
[[2022-05-11 21:29:15]]  INFO  [service.py]  #80 <1562040:139677101192960>  @ -> Start Translating ... 
[[2022-05-11 21:29:15]]  INFO  [service.py]  #99 <1562040:139677101192960>  	 -> Input shape: torch.Size([1, 1, 256, 256]), Starting translating ...
[[2022-05-11 21:29:15]]  INFO  [service.py]  #101 <1562040:139677101192960>  	 -> Output shape: torch.Size([1, 1, 256, 256]), Starting translating ...
[[2022-05-11 21:29:15]]  INFO  [service.py]  #111 <1562040:139677101192960>  	# Time using: 0.1s
[[2022-05-11 21:30:26]]  INFO  [service.py]  #80 <1562040:139677101192960>  @ -> Start Translating ... 
[[2022-05-11 21:30:26]]  INFO  [service.py]  #99 <1562040:139677101192960>  	 -> Input shape: torch.Size([1, 1, 256, 256]), Starting translating ...
[[2022-05-11 21:30:26]]  INFO  [service.py]  #101 <1562040:139677101192960>  	 -> Output shape: torch.Size([1, 1, 256, 256]), Starting translating ...
[[2022-05-11 21:30:26]]  INFO  [service.py]  #111 <1562040:139677101192960>  	# Time using: 0.1s
[[2022-05-11 21:30:34]]  INFO  [service.py]  #80 <1562040:139677101192960>  @ -> Start Translating ... 
[[2022-05-11 21:30:34]]  INFO  [service.py]  #99 <1562040:139677101192960>  	 -> Input shape: torch.Size([1, 1, 256, 256]), Starting translating ...
[[2022-05-11 21:30:34]]  INFO  [service.py]  #101 <1562040:139677101192960>  	 -> Output shape: torch.Size([1, 1, 256, 256]), Starting translating ...
[[2022-05-11 21:30:34]]  INFO  [service.py]  #111 <1562040:139677101192960>  	# Time using: 0.2s
[[2022-05-11 22:33:17]]  INFO  [service.py]  #80 <1562040:139677101192960>  @ -> Start Translating ... 
[[2022-05-11 22:33:18]]  INFO  [service.py]  #99 <1562040:139677101192960>  	 -> Input shape: torch.Size([1, 1, 256, 256]), Starting translating ...
[[2022-05-11 22:33:18]]  INFO  [service.py]  #101 <1562040:139677101192960>  	 -> Output shape: torch.Size([1, 1, 256, 256]), Starting translating ...
[[2022-05-11 22:33:18]]  INFO  [service.py]  #111 <1562040:139677101192960>  	# Time using: 0.2s
[[2022-05-12 00:27:38]]  INFO  [service.py]  #80 <1562040:139676396533504>  @ -> Start Translating ... 
[[2022-05-12 00:27:44]]  INFO  [service.py]  #80 <1562040:139677101192960>  @ -> Start Translating ... 
[[2022-05-12 00:27:49]]  INFO  [service.py]  #99 <1562040:139676396533504>  	 -> Input shape: torch.Size([1, 1, 256, 256]), Starting translating ...
[[2022-05-12 00:27:49]]  INFO  [service.py]  #101 <1562040:139676396533504>  	 -> Output shape: torch.Size([1, 1, 256, 256]), Starting translating ...
[[2022-05-12 00:27:49]]  INFO  [service.py]  #111 <1562040:139676396533504>  	# Time using: 0.3s
[[2022-05-12 00:27:54]]  INFO  [service.py]  #80 <1562040:139676648183552>  @ -> Start Translating ... 
[[2022-05-12 00:27:55]]  INFO  [service.py]  #80 <1562040:139676698539776>  @ -> Start Translating ... 
[[2022-05-12 00:27:55]]  INFO  [service.py]  #80 <1562040:139676279101184>  @ -> Start Translating ... 
[[2022-05-12 00:27:55]]  INFO  [service.py]  #80 <1562040:139677058967296>  @ -> Start Translating ... 
[[2022-05-12 00:28:14]]  INFO  [service.py]  #80 <1562040:139677075752704>  @ -> Start Translating ... 
[[2022-05-12 00:28:15]]  INFO  [service.py]  #80 <1562040:139677067360000>  @ -> Start Translating ... 
[[2022-05-12 00:28:43]]  INFO  [service.py]  #80 <1562040:139676966975232>  @ -> Start Translating ... 
[[2022-05-12 00:28:44]]  INFO  [service.py]  #80 <1562040:139676958582528>  @ -> Start Translating ... 
[[2022-05-12 00:28:50]]  INFO  [service.py]  #80 <1562040:139676950189824>  @ -> Start Translating ... 
[[2022-05-12 00:30:50]]  INFO  [service.py]  #80 <1562040:139676941797120>  @ -> Start Translating ... 
[[2022-05-12 00:31:37]]  INFO  [service.py]  #80 <1562040:139676933404416>  @ -> Start Translating ... 
[[2022-05-12 00:33:12]]  INFO  [service.py]  #80 <1562040:139676925011712>  @ -> Start Translating ... 
[[2022-05-12 00:34:56]]  INFO  [service.py]  #80 <1562040:139676916619008>  @ -> Start Translating ... 
[[2022-05-12 00:35:53]]  INFO  [service.py]  #80 <1562040:139676832757504>  @ -> Start Translating ... 
[[2022-05-12 00:36:03]]  INFO  [service.py]  #80 <1562040:139676824364800>  @ -> Start Translating ... 
[[2022-05-12 00:38:53]]  INFO  [service.py]  #46 <2246126:140182672656192>  * Loading the model from /home/zhaosheng/paper2/online_code/cbamunet-pix2pix/checkpoints/saru_0318_3/k0_300_net_G.pth.
[[2022-05-12 00:38:54]]  INFO  [service.py]  #53 <2246126:140182672656192>  	√ Success.
[[2022-05-12 00:39:41]]  INFO  [service.py]  #80 <1562040:139676815972096>  @ -> Start Translating ... 
[[2022-05-12 00:39:41]]  INFO  [service.py]  #99 <1562040:139676815972096>  	 -> Input shape: torch.Size([1, 1, 256, 256]), Starting translating ...
[[2022-05-12 00:39:41]]  INFO  [service.py]  #101 <1562040:139676815972096>  	 -> Output shape: torch.Size([1, 1, 256, 256]), Starting translating ...
[[2022-05-12 00:39:41]]  INFO  [service.py]  #111 <1562040:139676815972096>  	# Time using: 0.3s
[[2022-05-12 00:43:46]]  INFO  [service.py]  #46 <2256947:140494033975104>  * Loading the model from /home/zhaosheng/paper2/online_code/cbamunet-pix2pix/checkpoints/saru_0318_3/k0_300_net_G.pth.
[[2022-05-12 00:43:46]]  INFO  [service.py]  #53 <2256947:140494033975104>  	√ Success.
[[2022-05-12 00:44:08]]  INFO  [service.py]  #46 <2257836:139903868159808>  * Loading the model from /home/zhaosheng/paper2/online_code/cbamunet-pix2pix/checkpoints/saru_0318_3/k0_300_net_G.pth.
[[2022-05-12 00:44:08]]  INFO  [service.py]  #53 <2257836:139903868159808>  	√ Success.
[[2022-05-12 00:44:12]]  INFO  [service.py]  #46 <2258131:140512789718848>  * Loading the model from /home/zhaosheng/paper2/online_code/cbamunet-pix2pix/checkpoints/saru_0318_3/k0_300_net_G.pth.
[[2022-05-12 00:44:12]]  INFO  [service.py]  #53 <2258131:140512789718848>  	√ Success.
[[2022-05-12 00:44:26]]  INFO  [service.py]  #46 <2258734:140217995937600>  * Loading the model from /home/zhaosheng/paper2/online_code/cbamunet-pix2pix/checkpoints/saru_0318_3/k0_300_net_G.pth.
[[2022-05-12 00:44:26]]  INFO  [service.py]  #53 <2258734:140217995937600>  	√ Success.
[[2022-05-12 00:44:28]]  INFO  [service.py]  #80 <2258734:140210138507008>  @ -> Start Translating ... 
[[2022-05-12 00:44:28]]  INFO  [service.py]  #99 <2258734:140210138507008>  	 -> Input shape: torch.Size([1, 1, 256, 256]), Starting translating ...
[[2022-05-12 00:44:28]]  INFO  [service.py]  #101 <2258734:140210138507008>  	 -> Output shape: torch.Size([1, 1, 256, 256]), Starting translating ...
[[2022-05-12 00:44:28]]  INFO  [service.py]  #111 <2258734:140210138507008>  	# Time using: 0.4s
[[2022-05-12 00:44:35]]  INFO  [service.py]  #80 <1562040:139669945689856>  @ -> Start Translating ... 
[[2022-05-12 00:44:52]]  INFO  [service.py]  #80 <1562040:139676513965824>  @ -> Start Translating ... 
[[2022-05-12 00:45:27]]  INFO  [service.py]  #80 <1562040:139669962475264>  @ -> Start Translating ... 
[[2022-05-12 00:45:37]]  INFO  [service.py]  #80 <1562040:139676430104320>  @ -> Start Translating ... 
[[2022-05-12 00:53:30]]  INFO  [service.py]  #80 <1562040:139676782401280>  @ -> Start Translating ... 
[[2022-05-12 00:53:37]]  INFO  [service.py]  #80 <1562040:139676690147072>  @ -> Start Translating ... 
[[2022-05-12 00:59:30]]  INFO  [service.py]  #80 <1562040:139676681754368>  @ -> Start Translating ... 
[[2022-05-12 01:00:55]]  INFO  [service.py]  #80 <2258734:140210138507008>  @ -> Start Translating ... 
[[2022-05-12 01:00:55]]  INFO  [service.py]  #99 <2258734:140210138507008>  	 -> Input shape: torch.Size([1, 1, 256, 256]), Starting translating ...
[[2022-05-12 01:00:55]]  INFO  [service.py]  #101 <2258734:140210138507008>  	 -> Output shape: torch.Size([1, 1, 256, 256]), Starting translating ...
[[2022-05-12 01:00:55]]  INFO  [service.py]  #111 <2258734:140210138507008>  	# Time using: 0.5s
[[2022-05-12 01:01:17]]  INFO  [service.py]  #46 <2295352:140644601993024>  * Loading the model from /home/zhaosheng/paper2/online_code/cbamunet-pix2pix/checkpoints/saru_0318_3/k0_300_net_G.pth.
[[2022-05-12 01:01:18]]  INFO  [service.py]  #53 <2295352:140644601993024>  	√ Success.
[[2022-05-12 01:02:33]]  INFO  [service.py]  #80 <1562040:139676656576256>  @ -> Start Translating ... 
[[2022-05-12 01:02:40]]  INFO  [service.py]  #80 <1562040:139676564322048>  @ -> Start Translating ... 
[[2022-05-12 01:02:48]]  INFO  [service.py]  #80 <2295352:140636724377344>  @ -> Start Translating ... 
[[2022-05-12 01:02:48]]  INFO  [service.py]  #99 <2295352:140636724377344>  	 -> Input shape: torch.Size([1, 1, 256, 256]), Starting translating ...
[[2022-05-12 01:02:49]]  INFO  [service.py]  #101 <2295352:140636724377344>  	 -> Output shape: torch.Size([1, 1, 256, 256]), Starting translating ...
[[2022-05-12 01:02:49]]  INFO  [service.py]  #111 <2295352:140636724377344>  	# Time using: 0.3s
[[2022-05-12 01:02:59]]  INFO  [service.py]  #80 <1562040:139676555929344>  @ -> Start Translating ... 
[[2022-05-12 01:04:36]]  INFO  [service.py]  #80 <1562040:139676547536640>  @ -> Start Translating ... 
[[2022-05-12 01:04:58]]  INFO  [service.py]  #80 <1562040:139676539143936>  @ -> Start Translating ... 
[[2022-05-12 01:09:44]]  INFO  [service.py]  #80 <1562040:139676522358528>  @ -> Start Translating ... 
[[2022-05-12 01:09:49]]  INFO  [service.py]  #80 <1562040:139676421711616>  @ -> Start Translating ... 
[[2022-05-12 01:10:02]]  INFO  [service.py]  #80 <1562040:139676413318912>  @ -> Start Translating ... 
[[2022-05-12 01:10:54]]  INFO  [service.py]  #80 <1562040:139676404926208>  @ -> Start Translating ... 
[[2022-05-12 01:12:42]]  INFO  [service.py]  #80 <1562040:139676388140800>  @ -> Start Translating ... 
[[2022-05-12 01:12:45]]  INFO  [service.py]  #80 <1562040:139676379748096>  @ -> Start Translating ... 
[[2022-05-12 01:13:02]]  INFO  [service.py]  #80 <2295352:140636724377344>  @ -> Start Translating ... 
[[2022-05-12 01:13:03]]  INFO  [service.py]  #99 <2295352:140636724377344>  	 -> Input shape: torch.Size([1, 1, 256, 256]), Starting translating ...
[[2022-05-12 01:13:03]]  INFO  [service.py]  #101 <2295352:140636724377344>  	 -> Output shape: torch.Size([1, 1, 256, 256]), Starting translating ...
[[2022-05-12 01:13:03]]  INFO  [service.py]  #111 <2295352:140636724377344>  	# Time using: 0.6s
[[2022-05-12 01:13:23]]  INFO  [service.py]  #80 <2295352:140636724377344>  @ -> Start Translating ... 
[[2022-05-12 01:13:25]]  INFO  [service.py]  #99 <2295352:140636724377344>  	 -> Input shape: torch.Size([1, 1, 256, 256]), Starting translating ...
[[2022-05-12 01:13:25]]  INFO  [service.py]  #101 <2295352:140636724377344>  	 -> Output shape: torch.Size([1, 1, 256, 256]), Starting translating ...
[[2022-05-12 01:13:25]]  INFO  [service.py]  #111 <2295352:140636724377344>  	# Time using: 0.2s
[[2022-05-12 01:23:55]]  INFO  [service.py]  #80 <2295352:140636724377344>  @ -> Start Translating ... 
[[2022-05-12 01:23:58]]  INFO  [service.py]  #80 <2295352:140636732770048>  @ -> Start Translating ... 
[[2022-05-12 01:24:09]]  INFO  [service.py]  #99 <2295352:140636724377344>  	 -> Input shape: torch.Size([1, 1, 256, 256]), Starting translating ...
[[2022-05-12 01:24:09]]  INFO  [service.py]  #101 <2295352:140636724377344>  	 -> Output shape: torch.Size([1, 1, 256, 256]), Starting translating ...
[[2022-05-12 01:24:09]]  INFO  [service.py]  #111 <2295352:140636724377344>  	# Time using: 0.3s
[[2022-05-12 01:24:10]]  INFO  [service.py]  #80 <2295352:140636715984640>  @ -> Start Translating ... 
[[2022-05-12 01:24:12]]  INFO  [service.py]  #80 <2295352:140635927463680>  @ -> Start Translating ... 
[[2022-05-12 01:24:16]]  INFO  [service.py]  #99 <2295352:140636732770048>  	 -> Input shape: torch.Size([1, 1, 256, 256]), Starting translating ...
[[2022-05-12 01:24:16]]  INFO  [service.py]  #101 <2295352:140636732770048>  	 -> Output shape: torch.Size([1, 1, 256, 256]), Starting translating ...
[[2022-05-12 01:24:16]]  INFO  [service.py]  #111 <2295352:140636732770048>  	# Time using: 0.2s
[[2022-05-12 01:24:29]]  INFO  [service.py]  #99 <2295352:140636715984640>  	 -> Input shape: torch.Size([1, 1, 256, 256]), Starting translating ...
[[2022-05-12 01:24:29]]  INFO  [service.py]  #101 <2295352:140636715984640>  	 -> Output shape: torch.Size([1, 1, 256, 256]), Starting translating ...
[[2022-05-12 01:24:29]]  INFO  [service.py]  #111 <2295352:140636715984640>  	# Time using: 0.3s
[[2022-05-12 01:24:30]]  INFO  [service.py]  #99 <2295352:140635927463680>  	 -> Input shape: torch.Size([1, 1, 256, 256]), Starting translating ...
[[2022-05-12 01:24:30]]  INFO  [service.py]  #101 <2295352:140635927463680>  	 -> Output shape: torch.Size([1, 1, 256, 256]), Starting translating ...
[[2022-05-12 01:24:30]]  INFO  [service.py]  #111 <2295352:140635927463680>  	# Time using: 0.2s
[[2022-05-12 08:48:21]]  INFO  [service.py]  #80 <2295352:140636724377344>  @ -> Start Translating ... 
[[2022-05-12 08:48:21]]  INFO  [service.py]  #99 <2295352:140636724377344>  	 -> Input shape: torch.Size([1, 1, 256, 256]), Starting translating ...
[[2022-05-12 08:48:21]]  INFO  [service.py]  #101 <2295352:140636724377344>  	 -> Output shape: torch.Size([1, 1, 256, 256]), Starting translating ...
[[2022-05-12 08:48:21]]  INFO  [service.py]  #111 <2295352:140636724377344>  	# Time using: 0.2s
[[2022-05-12 11:19:44]]  INFO  [service.py]  #80 <2295352:140636724377344>  @ -> Start Translating ... 
[[2022-05-12 11:19:48]]  INFO  [service.py]  #99 <2295352:140636724377344>  	 -> Input shape: torch.Size([1, 1, 256, 256]), Starting translating ...
[[2022-05-12 11:19:54]]  INFO  [service.py]  #80 <2295352:140635902285568>  @ -> Start Translating ... 
[[2022-05-12 11:19:58]]  INFO  [service.py]  #101 <2295352:140636724377344>  	 -> Output shape: torch.Size([1, 1, 256, 256]), Starting translating ...
[[2022-05-12 11:19:58]]  INFO  [service.py]  #111 <2295352:140636724377344>  	# Time using: 9.4s
[[2022-05-12 11:19:59]]  INFO  [service.py]  #99 <2295352:140635902285568>  	 -> Input shape: torch.Size([1, 1, 256, 256]), Starting translating ...
[[2022-05-12 11:20:00]]  INFO  [service.py]  #101 <2295352:140635902285568>  	 -> Output shape: torch.Size([1, 1, 256, 256]), Starting translating ...
[[2022-05-12 11:20:00]]  INFO  [service.py]  #111 <2295352:140635902285568>  	# Time using: 1.4s
[[2022-05-12 11:24:33]]  INFO  [service.py]  #80 <2295352:140635902285568>  @ -> Start Translating ... 
[[2022-05-12 11:24:37]]  INFO  [service.py]  #99 <2295352:140635902285568>  	 -> Input shape: torch.Size([1, 1, 256, 256]), Starting translating ...
[[2022-05-12 11:24:45]]  INFO  [service.py]  #101 <2295352:140635902285568>  	 -> Output shape: torch.Size([1, 1, 256, 256]), Starting translating ...
[[2022-05-12 11:24:45]]  INFO  [service.py]  #111 <2295352:140635902285568>  	# Time using: 8.3s
[[2022-05-12 11:25:21]]  INFO  [service.py]  #80 <2295352:140635902285568>  @ -> Start Translating ... 
[[2022-05-12 11:25:22]]  INFO  [service.py]  #99 <2295352:140635902285568>  	 -> Input shape: torch.Size([1, 1, 256, 256]), Starting translating ...
[[2022-05-12 11:25:27]]  INFO  [service.py]  #101 <2295352:140635902285568>  	 -> Output shape: torch.Size([1, 1, 256, 256]), Starting translating ...
[[2022-05-12 11:25:27]]  INFO  [service.py]  #111 <2295352:140635902285568>  	# Time using: 5.0s
[[2022-05-12 11:25:36]]  INFO  [service.py]  #80 <2295352:140635902285568>  @ -> Start Translating ... 
[[2022-05-12 11:25:38]]  INFO  [service.py]  #99 <2295352:140635902285568>  	 -> Input shape: torch.Size([1, 1, 256, 256]), Starting translating ...
[[2022-05-12 11:25:38]]  INFO  [service.py]  #101 <2295352:140635902285568>  	 -> Output shape: torch.Size([1, 1, 256, 256]), Starting translating ...
[[2022-05-12 11:25:38]]  INFO  [service.py]  #111 <2295352:140635902285568>  	# Time using: 0.4s
[[2022-05-12 11:26:29]]  INFO  [service.py]  #80 <2295352:140635902285568>  @ -> Start Translating ... 
[[2022-05-12 11:26:29]]  INFO  [service.py]  #99 <2295352:140635902285568>  	 -> Input shape: torch.Size([1, 1, 256, 256]), Starting translating ...
[[2022-05-12 11:26:30]]  INFO  [service.py]  #101 <2295352:140635902285568>  	 -> Output shape: torch.Size([1, 1, 256, 256]), Starting translating ...
[[2022-05-12 11:26:30]]  INFO  [service.py]  #111 <2295352:140635902285568>  	# Time using: 0.4s
[[2022-05-12 14:04:50]]  INFO  [service.py]  #46 <4058479:140142924457792>  * Loading the model from /home/zhaosheng/paper2/online_code/cbamunet-pix2pix/checkpoints/saru_0318_3/k0_300_net_G.pth.
[[2022-05-12 14:04:52]]  INFO  [service.py]  #53 <4058479:140142924457792>  	√ Success.
[[2022-05-12 14:05:02]]  INFO  [service.py]  #46 <4059054:140404094637888>  * Loading the model from /home/zhaosheng/paper2/online_code/cbamunet-pix2pix/checkpoints/saru_0318_3/k0_300_net_G.pth.
[[2022-05-12 14:05:02]]  INFO  [service.py]  #53 <4059054:140404094637888>  	√ Success.
[[2022-05-12 14:06:35]]  INFO  [service.py]  #80 <4059054:140396155885312>  @ -> Start Translating ... 
[[2022-05-12 14:06:35]]  INFO  [service.py]  #80 <4059054:140396147492608>  @ -> Start Translating ... 
[[2022-05-12 14:06:35]]  INFO  [service.py]  #80 <4059054:140396139099904>  @ -> Start Translating ... 
[[2022-05-12 14:06:35]]  INFO  [service.py]  #99 <4059054:140396155885312>  	 -> Input shape: torch.Size([1, 1, 256, 256]), Starting translating ...
[[2022-05-12 14:06:35]]  INFO  [service.py]  #99 <4059054:140396147492608>  	 -> Input shape: torch.Size([1, 1, 256, 256]), Starting translating ...
[[2022-05-12 14:06:35]]  INFO  [service.py]  #99 <4059054:140396139099904>  	 -> Input shape: torch.Size([1, 1, 256, 256]), Starting translating ...
[[2022-05-12 14:06:36]]  INFO  [service.py]  #101 <4059054:140396139099904>  	 -> Output shape: torch.Size([1, 1, 256, 256]), Starting translating ...
[[2022-05-12 14:06:36]]  INFO  [service.py]  #101 <4059054:140396147492608>  	 -> Output shape: torch.Size([1, 1, 256, 256]), Starting translating ...
[[2022-05-12 14:06:36]]  INFO  [service.py]  #111 <4059054:140396139099904>  	# Time using: 1.3s
[[2022-05-12 14:06:36]]  INFO  [service.py]  #111 <4059054:140396147492608>  	# Time using: 1.3s
[[2022-05-12 14:06:36]]  INFO  [service.py]  #101 <4059054:140396155885312>  	 -> Output shape: torch.Size([1, 1, 256, 256]), Starting translating ...
[[2022-05-12 14:06:36]]  INFO  [service.py]  #111 <4059054:140396155885312>  	# Time using: 1.4s
[[2022-05-12 14:06:38]]  INFO  [service.py]  #80 <4059054:140396155885312>  @ -> Start Translating ... 
[[2022-05-12 14:06:38]]  INFO  [service.py]  #99 <4059054:140396155885312>  	 -> Input shape: torch.Size([1, 1, 256, 256]), Starting translating ...
[[2022-05-12 14:06:40]]  INFO  [service.py]  #101 <4059054:140396155885312>  	 -> Output shape: torch.Size([1, 1, 256, 256]), Starting translating ...
[[2022-05-12 14:06:40]]  INFO  [service.py]  #111 <4059054:140396155885312>  	# Time using: 1.4s
